Information: Timer using 1 threads
****************************************
Report : clock timing
        -type latency
        -launch
        -nworst 1
        -setup
Design : ALU_votegui
Version: U-2022.12
Date   : Mon Apr 28 13:46:02 2025
****************************************
Information: Timer using 'PrimeTime Delay Calculation, SI, Timing Window Analysis, AWP, CRPR'. (TIM-050)

  Mode: func
  Clock: CLOCK_MAIN

                                                 --- Latency ---
  Clock Pin                  Bal Dly    Trans   Source   Offset  Network    Total            Corner
---------------------------------------------------------------------------------------------------
  data_out_reg_31_/CK             --    0.008    0.000       --    0.154    0.154 rp-+     setup_ss0p72v125c
---------------------------------------------------------------------------------------------------
1
