Information: The value of option cts.compile.enable_cell_relocation has been overridden to "leaf_only" to support latency-driven placement. (CTS-973)
Information: Timer using 1 threads
Warning: time.si_enable_analysis is on, it could increase the runtime and memory usage. 
****************************************
Report : report clock qor
        -type area
        -nosplit
Design : ALU_votegui
Version: U-2022.12
Date   : Mon Apr 28 07:59:36 2025
****************************************


==========================
==== Area (per clock) ====
==========================

Clock                                 Sinks          Clock          Clock          Clock          Clock          Sinks           Sink
                                 (balanced)     Cell Count        Stdcell       Repeater       Repeater     (physical)        Stdcell          Macro
                                                (non sink)           Area          Count           Area                          Area           Area
------------------------------------------------------------------------------------------------------------------------------------------------------
CLOCK_MAIN                               33             16          8.081              9          2.220             33         42.313          0.000
 gen_clk_div2                            33             14          6.127              9          2.220             33         42.313          0.000
  gen_clk_div4                           33             12          4.662              8          2.042             33         42.313          0.000
   gen_clk_div8                          33             10          3.197              7          1.865             33         42.313          0.000
------------------------------------------------------------------------------------------------------------------------------------------------------
Total                                    33             16          8.081              9          2.220             33         42.313          0.000

Type                               Instance           Unit          Total           Cell             Vt             Vt
                                      Count           Area           Area           Type          Group           Type


=================================
==== Area (per library cell) ====
=================================

===== Summary =====
Type                               Instance           Unit          Total           Cell             Vt             Vt
                                      Count           Area           Area           Type          Group           Type
------------------------------------------------------------------------------------------------------------------------
Clock Repeaters                           9              -          2.220              -              -              -
Other Network Cells                       7              -          5.861              -              -              -
Standard Cell Sinks                      33              -         42.313              -              -              -
Macro Cells                               0              -          0.000              -              -              -

===== Clock Repeaters =====
Type                               Instance           Unit          Total           Cell             Vt             Vt
                                      Count           Area           Area           Type          Group           Type
------------------------------------------------------------------------------------------------------------------------
SAEDRVT14_INV_0P5                         3          0.178          0.533       Inverter            rvt      normal_vt
SAEDSLVT14_INV_S_0P5                      2          0.178          0.355       Inverter           slvt              -
SAEDSLVT14_INV_S_0P75                     1          0.178          0.178       Inverter           slvt              -
SAEDSLVT14_INV_S_1                        1          0.178          0.178       Inverter           slvt              -
SAEDSLVT14_INV_S_3                        1          0.311          0.311       Inverter           slvt              -
SAEDSLVT14_INV_S_12                       1          0.666          0.666       Inverter           slvt              -
------------------------------------------------------------------------------------------------------------------------
Total                                     9              -          2.220              -              -              -

===== Other Network Cells =====
Type                               Instance           Unit          Total           Cell             Vt             Vt
                                      Count           Area           Area           Type          Group           Type
------------------------------------------------------------------------------------------------------------------------
SAEDHVT14_AN2_1                           1          0.311          0.311  Combinational            hvt        high_vt
SAEDHVT14_AO22_0P5                        1          0.533          0.533  Combinational            hvt        high_vt
SAEDHVT14_AO221_0P5                       1          0.488          0.488  Combinational            hvt        high_vt
SAEDSLVT14_BUF_S_8                        1          0.666          0.666         Buffer           slvt              -
SAEDSLVT14_FSDPRBQ_V2_0P5                 1          1.288          1.288           Flop           slvt              -
SAEDSLVT14_FSDPRBQ_V2_1                   2          1.288          2.575           Flop           slvt              -
------------------------------------------------------------------------------------------------------------------------
Total                                     7              -          5.861              -              -              -

===== Standard Cell Sinks =====
Type                               Instance           Unit          Total           Cell             Vt             Vt
                                      Count           Area           Area           Type          Group           Type
------------------------------------------------------------------------------------------------------------------------
SAEDHVT14_FSDPQ_V2LP_1                    1          1.110          1.110           Flop            hvt        high_vt
SAEDHVT14_FSDPRBQ_V2LP_1                 32          1.288         41.203           Flop            hvt        high_vt
------------------------------------------------------------------------------------------------------------------------
Total                                    33              -         42.313              -              -              -

===== Macro Cells =====
Type                               Instance           Unit          Total           Cell             Vt             Vt
                                      Count           Area           Area           Type          Group           Type
------------------------------------------------------------------------------------------------------------------------
------------------------------------------------------------------------------------------------------------------------
Total                                     0              -          0.000              -              -              -



==============================
==== Area (per hierarchy) ====
==============================

Hierarchy                             Sinks          Clock          Clock          Clock          Clock          Sinks           Sink
                                 (balanced)     Cell Count        Stdcell       Repeater       Repeater     (physical)        Stdcell          Macro
                                                (non sink)           Area          Count           Area                          Area           Area
------------------------------------------------------------------------------------------------------------------------------------------------------
ALU_votegui                              33             16          8.081              9          2.220             33         42.313          0.000
------------------------------------------------------------------------------------------------------------------------------------------------------
Total                                    33             16          8.081              9          2.220             33         42.313          0.000

1
