****************************************
Report : power
        -significant_digits 3
Design : ALU_votegui
Version: U-2022.12
Date   : Mon Apr 28 13:46:05 2025
****************************************
Information: Activity for scenario func::setup_ss0p72v125c was cached, no propagation required. (POW-005)
Information: Activity for scenario func::hold_ff0p88v125c was cached, no propagation required. (POW-005)
Mode: func
Corner: hold_ff0p88v125c
Scenario: func::hold_ff0p88v125c
Voltage: 0.880
Temperature: 125.000

Voltage Unit         : 1V
Capacitance Unit     : 1pF
Time Unit            : 1ns
Temperature Unit     : 1C
Dynamic Power Unit   : 1mW
Leakage Power Unit   : 1mW

Switched supply net power scaling:
scaling for leakage power

Supply nets:
VDD (power) probability 1.000 (default)
VSS (ground) probability 1.000 (default)

  Cell Internal Power    = N/A ( N/A )
  Net Switching Power    = N/A ( N/A )
Total Dynamic Power      = N/A (  0.0%)

Cell Leakage Power       = 2.729e-02 mW


  Attributes
  ----------
      u  -  User defined power group
      i  -  Includes clock pin internal power

Power Group         Internal Power        Switching Power          Leakage Power            Total Power    (   %  )    Attrs
-----------------------------------------------------------------------------------------------------------------------------
io_pad                         N/A                    N/A              0.000e+00              0.000e+00    (  0.0%)         
memory                         N/A                    N/A              0.000e+00              0.000e+00    (  0.0%)         
black_box                      N/A                    N/A              4.751e-03              4.751e-03    ( 17.4%)         
clock_network                  N/A                    N/A              1.089e-02              1.089e-02    ( 39.9%)        i
register                       N/A                    N/A              1.626e-03              1.626e-03    (  6.0%)         
sequential                     N/A                    N/A              1.309e-04              1.309e-04    (  0.5%)         
combinational                  N/A                    N/A              9.889e-03              9.889e-03    ( 36.2%)         
-----------------------------------------------------------------------------------------------------------------------------
Total                          N/A                    N/A              2.729e-02 mW           2.729e-02 mW
Mode: func
Corner: setup_ss0p72v125c
Scenario: func::setup_ss0p72v125c
Voltage: 0.720
Temperature: 125.000

Voltage Unit         : 1V
Capacitance Unit     : 1pF
Time Unit            : 1ns
Temperature Unit     : 1C
Dynamic Power Unit   : 1mW
Leakage Power Unit   : 1mW

Switched supply net power scaling:
scaling for leakage power

Supply nets:
VDD (power) probability 1.000 (default)
VSS (ground) probability 1.000 (default)

  Cell Internal Power    = 3.140e-03 mW ( 47.2%)
  Net Switching Power    = 3.507e-03 mW ( 52.8%)
Total Dynamic Power      = 6.647e-03 mW (100.0%)

Cell Leakage Power       = 2.686e-03 mW


  Attributes
  ----------
      u  -  User defined power group
      i  -  Includes clock pin internal power

Power Group         Internal Power        Switching Power          Leakage Power            Total Power    (   %  )    Attrs
-----------------------------------------------------------------------------------------------------------------------------
io_pad                   0.000e+00              0.000e+00              0.000e+00              0.000e+00    (  0.0%)         
memory                   0.000e+00              0.000e+00              0.000e+00              0.000e+00    (  0.0%)         
black_box                0.000e+00              0.000e+00              3.515e-04              3.515e-04    (  3.8%)         
clock_network            1.700e-03              1.088e-03              8.837e-04              3.672e-03    ( 39.3%)        i
register                 3.177e-04              1.208e-04              7.742e-05              5.159e-04    (  5.5%)         
sequential               0.000e+00              0.000e+00              1.879e-05              1.879e-05    (  0.2%)         
combinational            1.122e-03              2.298e-03              1.354e-03              4.774e-03    ( 51.2%)         
-----------------------------------------------------------------------------------------------------------------------------
Total                    3.140e-03 mW           3.507e-03 mW           2.686e-03 mW           9.333e-03 mW
1
