
****************************************
Report : clock_gating
Design : ALU_votegui
Version: U-2022.12
Date   : Mon Apr 28 05:52:41 2025
****************************************


                             Clock Gating Summary
          ------------------------------------------------------------------
          |  Number of Clock gating elements         |             0       |
          |                                          |                     |
          |  Number of Tool-Inserted Clock gates     |         0   (0.00%) |
          |                                          |                     |
          |  Number of Pre-Existing Clock gates      |         0   (0.00%) |
          |                                          |                     |
          |  Number of Gated registers               |         0   (0.00%) |
          |                                          |                     |
          |  Number of Tool-Inserted Gated registers |         0   (0.00%) |
          |                                          |                     |
          |  Number of Pre-Existing Gated registers  |         0   (0.00%) |
          |                                          |                     |
          |  Number of Ungated registers             |        38 (100.00%) |
          |                                          |                     |
          |  Total number of registers               |            38       |
          |                                          |                     |
          |  Max number of Clock Gate Levels         |             0       |
          ------------------------------------------------------------------


1
