****************************************
Report : threshold_voltage_group
Design : ALU_votegui
Version: U-2022.12
Date   : Mon Apr 28 13:46:02 2025
****************************************

Cell Count Report
-----------------------------------------------------------------------------------------------------------------------------------------------------------------------------------------

Group Names                      All (%)       Repeaters (%)   Combinational (%)       Registers (%)     Sequentials (%)   Clock_network (%)           Macro (%)   Physical_only (%)
-----------------------------------------------------------------------------------------------------------------------------------------------------------------------------------------
hvt                         81   (3.59%)         0   (0.00%)        45   (2.00%)        33   (1.46%)         0   (0.00%)         3   (0.13%)         0   (0.00%)         0   (0.00%)
rvt                       2164  (95.96%)       106   (4.70%)       163   (7.23%)         2   (0.09%)         0   (0.00%)         4   (0.18%)         0   (0.00%)      1889  (83.77%)
slvt                        10   (0.44%)         0   (0.00%)         0   (0.00%)         0   (0.00%)         0   (0.00%)        10   (0.44%)         0   (0.00%)         0   (0.00%)
-----------------------------------------------------------------------------------------------------------------------------------------------------------------------------------------
Total                     2255 (100.00%)       106   (4.70%)       208   (9.22%)        35   (1.55%)         0   (0.00%)        17   (0.75%)         0   (0.00%)      1889  (83.77%)
Low vth groups               0   (0.00%)         0   (0.00%)         0   (0.00%)         0   (0.00%)         0   (0.00%)         0   (0.00%)         0   (0.00%)         0   (0.00%)
-----------------------------------------------------------------------------------------------------------------------------------------------------------------------------------------


Cell Area Report
-----------------------------------------------------------------------------------------------------------------------------------------------------------------------------------------

Group Names                      All (%)       Repeaters (%)   Combinational (%)       Registers (%)     Sequentials (%)   Clock_network (%)           Macro (%)   Physical_only (%)
-----------------------------------------------------------------------------------------------------------------------------------------------------------------------------------------
hvt                     60.206   (2.67%)     0.000   (0.00%)    16.561   (0.73%)    42.313   (1.87%)     0.000   (0.00%)     1.332   (0.06%)     0.000   (0.00%)     0.000   (0.00%)
rvt                   2192.472  (97.06%)    41.958   (1.86%)    90.221   (3.99%)     3.374   (0.15%)     0.000   (0.00%)     0.932   (0.04%)     0.000   (0.00%)  2055.986  (91.02%)
slvt                     6.216   (0.28%)     0.000   (0.00%)     0.000   (0.00%)     0.000   (0.00%)     0.000   (0.00%)     6.216   (0.28%)     0.000   (0.00%)     0.000   (0.00%)
-----------------------------------------------------------------------------------------------------------------------------------------------------------------------------------------
Total                 2258.894 (100.00%)    41.958   (1.86%)   106.782   (4.73%)    45.688   (2.02%)     0.000   (0.00%)     8.480   (0.38%)     0.000   (0.00%)  2055.986  (91.02%)
Low vth groups           0.000   (0.00%)     0.000   (0.00%)     0.000   (0.00%)     0.000   (0.00%)     0.000   (0.00%)     0.000   (0.00%)     0.000   (0.00%)     0.000   (0.00%)
-----------------------------------------------------------------------------------------------------------------------------------------------------------------------------------------

Legend
L:		Low Vth group specified by user
1
