****************************************
Report : report_utilization
Design : ALU_votegui
Version: U-2022.12
Date   : Mon Apr 28 13:46:08 2025
****************************************
Utilization Ratio:			0.0885
Utilization options:
 - Area calculation based on:		site_row of block ALU_votegui/chip_finish
 - Categories of objects excluded:	hard_macros macro_keepouts soft_macros io_cells hard_blockages 
Total Area:				2258.8944
Total Capacity Area:			2254.0992
Total Area of cells:			199.5336
Area of excluded objects:
 - hard_macros         :		0.0000
 - macro_keepouts      :		0.0000
 - soft_macros         :		0.0000
 - io_cells            :		2.6640
 - hard_blockages      :		0.0000
Total Area of excluded objects:		2.6640
Ratio of excluded objects:		0.0012

Utilization of site-rows with:
 - Site 'unit':				0.0885

0.0885
