****************************************
 Report : check_design
 Options: { pre_route_stage }
 Design : ALU_votegui
 Version: U-2022.12
 Date   : Mon Apr 28 07:36:04 2025
****************************************

****************************************
Report : Data Mismatches
Version: U-2022.12
Date   : Mon Apr 28 07:36:04 2025
****************************************
No mismatches exist on the design.
1
1
1

=========================================================
==     Check for global route app-option  ==
=========================================================

>>> The option values are suggested.

Cell Min-Routing-Layer = M2
Cell Max-Routing-Layer = M8
Turn off antenna since no rule is specified
Information: Option route.detail.force_end_on_preferred_grid will be ignored since none of the layers have preferred grid. (ZRT-703)
rule ndr_leaf equivalent to default rule
Info: number of net_type_blockage: 0 
Information: Via ladder engine would be activated for pattern must join connection in certain commands. Please refer to man-page for the command list. (ZRT-619)
Via on layer (VIA1) needs more than one tracks
Warning: Layer M1 pitch 0.074 may be too small: wire/via-down 0.074, wire/via-up 0.098. (ZRT-026)
Via on layer (VIA1) needs more than one tracks
Warning: Layer M2 pitch 0.060 may be too small: wire/via-down 0.098, wire/via-up 0.060. (ZRT-026)
Via on layer (VIA3) needs more than one tracks
Warning: Layer M3 pitch 0.074 may be too small: wire/via-down 0.060, wire/via-up 0.080. (ZRT-026)
Via on layer (VIA4) needs more than one tracks
Warning: Layer M5 pitch 0.120 may be too small: wire/via-down 0.135, wire/via-up 0.107. (ZRT-026)
Via on layer (VIA8) needs more than one tracks
Warning: Layer M8 pitch 0.120 may be too small: wire/via-down 0.107, wire/via-up 0.135. (ZRT-026)
Wire on layer (M9) needs more than one tracks
Via on layer (VIA8) needs more than one tracks
Via on layer (VIARDL) needs more than one tracks
Warning: Layer M9 pitch 0.120 may be too small: wire/via-down 0.135, wire/via-up 1.570. (ZRT-026)
Via on layer (VIARDL) needs more than one tracks
Warning: Layer MRDL pitch 4.000 may be too small: wire/via-down 4.500, wire/via-up 4.000. (ZRT-026)
Transition layer name: M3(2)
Information: When applicable Min-max layer allow_pin_connection mode will allow paths of length 1.04 outside the layer range. (ZRT-707)
Information: When applicable Min-max layer allow_pin_connection mode will allow paths of length 1.04 outside the layer range on clock nets. (ZRT-718)
Information: When applicable layer based tapering will taper up to 0.00 in distance from the pin. (ZRT-706)
Warning: Standard cell pin SAEDRVT14_ADDH_0P5/CO has no valid via regions. (ZRT-044)
Printing options for 'route.common.*'
common.via_array_mode                                   :	 swap                

Printing options for 'route.detail.*'
detail.antenna                                          :	 true                
detail.eco_max_number_of_iterations                     :	 10                  
detail.insert_redundant_vias_layer_order_low_to_high    :	 true                
detail.timing_driven                                    :	 true                

Printing options for 'route.auto_via_ladder.*'


============================================
==  Check for design                      ==
============================================

>>> No net contains a large number of ports 

>>> No port contains a large number of pins 


================================
==  Check for PG DPT on Track ==
================================
>>>>>> Number of PG rails cross even number of track: 0

============================================
==  Check for PG PreRoute setting         ==
============================================
 No number_of_secondary_pg_pin_connections setting and skip checking 
 
============================================
==        Check for pins         ==
============================================

============================================
==  Check for overlap of standard cells   ==
============================================

>>>>>> No overlap of standard cells found

============================================
==     Check for min-grid violations      ==
============================================

  >>>> No Library min-grid violations found

  >>>> No Design min-grid violations found

>>>>>> No min-grid violations found


============================================
==    Check for out-of-boundary ports     ==
============================================

>>>>>> No out-of-boundary error found

============================================
==        Check for blocked ports         ==
============================================

>>>>>> No blocked ports found

>>>>>> No blocked nets found

============================================
==     Check for shielding violations     ==
============================================

>>>>>> The following Non-PG net has a shape with shape_use shield_route

>>> No non-PG net has a shape with shape_use shield_route.

>>>>>> The following PG net has shape with shape_use detail_route and shape length is too long.

>>> No PG net has shape with shape_use detail_route and shape length is too long.

>>>>>> The following nets with shield non-default rule has no internal data representation in Zroute.

>>> No nets with shield non-default rule has no internal data representation in Zroute.


>>> No valid P/G net specified in route.common.shielding_nets.

============================================
==     Check for via cut blockage violation   ==
============================================

>>>>>> The following via cut blockages are wrongly treated as real vias.

>>> No via cut blockage is wrongly treated as real via.

============================================
==     Check for custom via definition    ==
============================================

>>> No custom via definition has too many cuts

============================================
==          Check for via master          ==
============================================

>>> The total number of via master definition is 314

===============================================
==     Check non-default rule setting        ==
===============================================

>>> No NDR width is larger than signalRouteMaxWidth

>>> No NDR shield width is larger than signalRouteMaxWidth

======================================================
==     Check redundant duplicated PG shapes         ==
======================================================

>>> No redundant duplicated PG shapes overlap with each other.

===========================================================
==     Check library cell has non-routing layer pins     ==
===========================================================

>>> No cell has non-routing layer pins to be connected.

============================================
==     Check over promoted nets           ==
============================================

>>> No over promoted nets.

End of check_routability
1

  *** EMS Message summary ***
  ----------------------------------------------------------------------------------------------------
  Rule         Type   Count      Message
  ----------------------------------------------------------------------------------------------------
  DFT-011      Info   1          The design has no scan chain defined in the scandef.
  DMM-105      Info   16         Mismatch type %mmtype is detected on object type %objtype at obj...
  TCK-001      Warn   113        The reported endpoint '%endpoint' is unconstrained. Reason: '%re...
  TCK-012      Warn   71         The input port '%port' has no clock_relative delay specified. Mo...
  ----------------------------------------------------------------------------------------------------
  Total 201 EMS messages : 0 errors, 184 warnings, 17 info.
  ----------------------------------------------------------------------------------------------------

  *** Non-EMS message summary *** 
  ----------------------------------------------------------------------------------------------------
   Rule         Type   Count      Message
  ----------------------------------------------------------------------------------------------------
       ZRT-026   Warn          7 Layer %s pitch %.3f may be too small: wire/via-down %.3f, wire/v...
       ZRT-044   Warn          1 Standard cell pin %s/%s has no valid via regions.
       ZRT-619   Info          1 Via ladder engine would be activated for pattern must join conne...
       ZRT-703   Info          1 Option route.detail.force_end_on_preferred_grid will be ignored ...
       ZRT-706   Info          1 When applicable layer based tapering will taper up to %.2f in di...
       ZRT-707   Info          1 When applicable Min-max layer allow_pin_connection mode will all...
       ZRT-718   Info          1 When applicable Min-max layer allow_pin_connection mode will all...
  ----------------------------------------------------------------------------------------------------
  Total 13 non-EMS messages : 0 errors, 8 warnings, 5 info.
  ----------------------------------------------------------------------------------------------------
