****************************************
Report : power
        -significant_digits 3
Design : ALU_votegui
Version: U-2022.12
Date   : Mon Apr 28 05:52:41 2025
****************************************
Information: Activity for scenario func::setup_ss0p72v125c was cached, no propagation required. (POW-005)
Information: Propagated activity on scenario func::hold_ff0p88v125c identical to that on func::setup_ss0p72v125c (POW-006)
Mode: func
Corner: hold_ff0p88v125c
Scenario: func::hold_ff0p88v125c
Voltage: 0.880
Temperature: 125.000

Voltage Unit         : 1V
Capacitance Unit     : 1pF
Time Unit            : 1ns
Temperature Unit     : 1C
Dynamic Power Unit   : 1mW
Leakage Power Unit   : 1mW

Switched supply net power scaling:
scaling for leakage power

Supply nets:
VDD (power) probability 1.000 (default)
VSS (ground) probability 1.000 (default)

  Cell Internal Power    = N/A ( N/A )
  Net Switching Power    = N/A ( N/A )
Total Dynamic Power      = N/A (  0.0%)

Cell Leakage Power       = 1.553e-02 mW


  Attributes
  ----------
      u  -  User defined power group
      i  -  Includes clock pin internal power

Power Group         Internal Power        Switching Power          Leakage Power            Total Power    (   %  )    Attrs
-----------------------------------------------------------------------------------------------------------------------------
io_pad                         N/A                    N/A              0.000e+00              0.000e+00    (  0.0%)         
memory                         N/A                    N/A              0.000e+00              0.000e+00    (  0.0%)         
black_box                      N/A                    N/A              1.170e-06              1.170e-06    (  0.0%)         
clock_network                  N/A                    N/A              2.767e-03              2.767e-03    ( 17.8%)        i
register                       N/A                    N/A              1.626e-03              1.626e-03    ( 10.5%)         
sequential                     N/A                    N/A              1.309e-04              1.309e-04    (  0.8%)         
combinational                  N/A                    N/A              1.101e-02              1.101e-02    ( 70.9%)         
-----------------------------------------------------------------------------------------------------------------------------
Total                          N/A                    N/A              1.553e-02 mW           1.553e-02 mW
Mode: func
Corner: setup_ss0p72v125c
Scenario: func::setup_ss0p72v125c
Voltage: 0.720
Temperature: 125.000

Voltage Unit         : 1V
Capacitance Unit     : 1pF
Time Unit            : 1ns
Temperature Unit     : 1C
Dynamic Power Unit   : 1mW
Leakage Power Unit   : 1mW

Switched supply net power scaling:
scaling for leakage power

Supply nets:
VDD (power) probability 1.000 (default)
VSS (ground) probability 1.000 (default)

  Cell Internal Power    = 3.312e-03 mW ( 54.5%)
  Net Switching Power    = 2.762e-03 mW ( 45.5%)
Total Dynamic Power      = 6.073e-03 mW (100.0%)

Cell Leakage Power       = 1.625e-03 mW


  Attributes
  ----------
      u  -  User defined power group
      i  -  Includes clock pin internal power

Power Group         Internal Power        Switching Power          Leakage Power            Total Power    (   %  )    Attrs
-----------------------------------------------------------------------------------------------------------------------------
io_pad                   0.000e+00              0.000e+00              0.000e+00              0.000e+00    (  0.0%)         
memory                   0.000e+00              0.000e+00              0.000e+00              0.000e+00    (  0.0%)         
black_box                0.000e+00              0.000e+00              1.144e-07              1.144e-07    (  0.0%)         
clock_network            1.651e-03              3.670e-06              2.177e-04              1.872e-03    ( 24.3%)        i
register                 3.194e-04              1.183e-04              7.742e-05              5.151e-04    (  6.7%)         
sequential               0.000e+00              0.000e+00              1.879e-05              1.879e-05    (  0.2%)         
combinational            1.341e-03              2.640e-03              1.311e-03              5.292e-03    ( 68.7%)         
-----------------------------------------------------------------------------------------------------------------------------
Total                    3.312e-03 mW           2.762e-03 mW           1.625e-03 mW           7.698e-03 mW
1
