****************************************
 Report : check_design 
 Options: { pre_route_stage }
 Design : ALU_votegui
 Version: U-2022.12
 Date   : Mon Apr 28 07:36:04 2025
****************************************

Running mega-check 'pre_route_stage': 
    Running atomic-check 'design_mismatch'
    Running atomic-check 'scan_chain'
    Running atomic-check 'mv_design'
    Running atomic-check 'timing'
    Running atomic-check 'routability'
    Running atomic-check 'hier_pre_route'

  *** EMS Message summary ***
  ----------------------------------------------------------------------------------------------------
  Rule         Type   Count      Message
  ----------------------------------------------------------------------------------------------------
  DFT-011      Info   1          The design has no scan chain defined in the scandef.
  DMM-105      Info   16         Mismatch type %mmtype is detected on object type %objtype at obj...
  TCK-001      Warn   113        The reported endpoint '%endpoint' is unconstrained. Reason: '%re...
  TCK-012      Warn   71         The input port '%port' has no clock_relative delay specified. Mo...
  ----------------------------------------------------------------------------------------------------
  Total 201 EMS messages : 0 errors, 184 warnings, 17 info.
  ----------------------------------------------------------------------------------------------------

  *** Non-EMS message summary ***
  ----------------------------------------------------------------------------------------------------
  Rule         Type   Count      Message
  ----------------------------------------------------------------------------------------------------
  ZRT-026      Warn   7          Layer %s pitch %.3f may be too small: wire/via-down %.3f, wire/v...
  ZRT-044      Warn   1          Standard cell pin %s/%s has no valid via regions.
  ZRT-619      Info   1          Via ladder engine would be activated for pattern must join conne...
  ZRT-703      Info   1          Option route.detail.force_end_on_preferred_grid will be ignored ...
  ZRT-706      Info   1          When applicable layer based tapering will taper up to %.2f in di...
  ZRT-707      Info   1          When applicable Min-max layer allow_pin_connection mode will all...
  ZRT-718      Info   1          When applicable Min-max layer allow_pin_connection mode will all...
  ----------------------------------------------------------------------------------------------------
  Total 13 non-EMS messages : 0 errors, 8 warnings, 5 info.
  ----------------------------------------------------------------------------------------------------

Information: EMS database is saved to file './reportes/clock_opt_opto/base_datos_ems/chequeo_diseno_pre_ruteo.ems'.
Information: Non-EMS messages are saved into file './reportes/clock_opt_opto/base_datos_ems/chequeo_diseno_pre_ruteo.log'.
1
