****************************************
Report : threshold_voltage_group
Design : ALU_votegui
Version: U-2022.12
Date   : Mon Apr 28 07:35:55 2025
****************************************

Cell Count Report
-----------------------------------------------------------------------------------------------------------------------------------------------------------------------------------------

Group Names                      All (%)       Repeaters (%)   Combinational (%)       Registers (%)     Sequentials (%)   Clock_network (%)           Macro (%)   Physical_only (%)
-----------------------------------------------------------------------------------------------------------------------------------------------------------------------------------------
hvt                        117  (12.87%)         0   (0.00%)        81   (8.91%)        33   (3.63%)         0   (0.00%)         3   (0.33%)         0   (0.00%)         0   (0.00%)
lvt                          1   (0.11%)         0   (0.00%)         1   (0.11%)         0   (0.00%)         0   (0.00%)         0   (0.00%)         0   (0.00%)         0   (0.00%)  L
rvt                        781  (85.92%)       106  (11.66%)       126  (13.86%)         2   (0.22%)         0   (0.00%)         4   (0.44%)         0   (0.00%)       543  (59.74%)
slvt                        10   (1.10%)         0   (0.00%)         0   (0.00%)         0   (0.00%)         0   (0.00%)        10   (1.10%)         0   (0.00%)         0   (0.00%)
-----------------------------------------------------------------------------------------------------------------------------------------------------------------------------------------
Total                      909 (100.00%)       106  (11.66%)       208  (22.88%)        35   (3.85%)         0   (0.00%)        17   (1.87%)         0   (0.00%)       543  (59.74%)
Low vth groups               1   (0.11%)         0   (0.00%)         1   (0.11%)         0   (0.00%)         0   (0.00%)         0   (0.00%)         0   (0.00%)         0   (0.00%)
-----------------------------------------------------------------------------------------------------------------------------------------------------------------------------------------


Cell Area Report
-----------------------------------------------------------------------------------------------------------------------------------------------------------------------------------------

Group Names                      All (%)       Repeaters (%)   Combinational (%)       Registers (%)     Sequentials (%)   Clock_network (%)           Macro (%)   Physical_only (%)
-----------------------------------------------------------------------------------------------------------------------------------------------------------------------------------------
hvt                     90.576  (28.46%)     0.000   (0.00%)    46.931  (14.75%)    42.313  (13.30%)     0.000   (0.00%)     1.332   (0.42%)     0.000   (0.00%)     0.000   (0.00%)
lvt                      0.222   (0.07%)     0.000   (0.00%)     0.222   (0.07%)     0.000   (0.00%)     0.000   (0.00%)     0.000   (0.00%)     0.000   (0.00%)     0.000   (0.00%)  L
rvt                    221.201  (69.51%)    41.914  (13.17%)    57.631  (18.11%)     3.374   (1.06%)     0.000   (0.00%)     0.932   (0.29%)     0.000   (0.00%)   117.349  (36.88%)
slvt                     6.216   (1.95%)     0.000   (0.00%)     0.000   (0.00%)     0.000   (0.00%)     0.000   (0.00%)     6.216   (1.95%)     0.000   (0.00%)     0.000   (0.00%)
-----------------------------------------------------------------------------------------------------------------------------------------------------------------------------------------
Total                  318.215 (100.00%)    41.914  (13.17%)   104.784  (32.93%)    45.688  (14.36%)     0.000   (0.00%)     8.480   (2.66%)     0.000   (0.00%)   117.349  (36.88%)
Low vth groups           0.222   (0.07%)     0.000   (0.00%)     0.222   (0.07%)     0.000   (0.00%)     0.000   (0.00%)     0.000   (0.00%)     0.000   (0.00%)     0.000   (0.00%)
-----------------------------------------------------------------------------------------------------------------------------------------------------------------------------------------

Legend
L:		Low Vth group specified by user
1
