****************************************
Report : report_utilization
Design : ALU_votegui
Version: U-2022.12
Date   : Mon Apr 28 07:15:52 2025
****************************************
Utilization Ratio:			0.1923
Utilization options:
 - Area calculation based on:		site_row of block ALU_votegui/clock_opt_cts
 - Categories of objects excluded:	hard_macros macro_keepouts soft_macros io_cells hard_blockages 
Total Area:				2258.8944
Total Capacity Area:			2251.9680
Total Area of cells:			432.9444
Area of excluded objects:
 - hard_macros         :		0.0000
 - macro_keepouts      :		0.0000
 - soft_macros         :		0.0000
 - io_cells            :		2.6640
 - hard_blockages      :		0.0000
Total Area of excluded objects:		2.6640
Ratio of excluded objects:		0.0012

Utilization of site-rows with:
 - Site 'unit':				0.1923

0.1923
