
Running global router for congestion map ...
Info: Set app option 'route.global.deterministic' to on

Generating Timing information  
Design  Scenario func::setup_ss0p72v125c (Mode func Corner setup_ss0p72v125c)
Generating Timing information  ... Done
[End of Generating Timing Information] Elapsed real time: 0:00:00 
[End of Generating Timing Information] Elapsed cpu  time: sys=0:00:00 usr=0:00:00 total=0:00:00
Start Global Route ... 
[Init] Elapsed real time: 0:00:00 
[Init] Elapsed cpu  time: sys=0:00:00 usr=0:00:00 total=0:00:00
[Init] Stage (MB): Used    0  Alloctr    0  Proc    0 
[Init] Total (MB): Used    7  Alloctr    8  Proc 9272 
Info: route.global.delay_based_route_rejection is 16.
Printing options for 'route.common.*'
common.via_array_mode                                   :	 swap                

Printing options for 'route.global.*'
global.deterministic                                    :	 on                  
global.timing_driven                                    :	 true                

Begin global routing.
Cell Min-Routing-Layer = M2
Cell Max-Routing-Layer = M8
Turn off antenna since no rule is specified
Information: Option route.detail.force_end_on_preferred_grid will be ignored since none of the layers have preferred grid. (ZRT-703)
rule ndr_leaf equivalent to default rule
Info: number of net_type_blockage: 0 
Information: Via ladder engine would be activated for pattern must join connection in certain commands. Please refer to man-page for the command list. (ZRT-619)
Via on layer (VIA1) needs more than one tracks
Warning: Layer M1 pitch 0.074 may be too small: wire/via-down 0.074, wire/via-up 0.098. (ZRT-026)
Via on layer (VIA1) needs more than one tracks
Warning: Layer M2 pitch 0.060 may be too small: wire/via-down 0.098, wire/via-up 0.060. (ZRT-026)
Via on layer (VIA3) needs more than one tracks
Warning: Layer M3 pitch 0.074 may be too small: wire/via-down 0.060, wire/via-up 0.080. (ZRT-026)
Via on layer (VIA4) needs more than one tracks
Warning: Layer M5 pitch 0.120 may be too small: wire/via-down 0.135, wire/via-up 0.107. (ZRT-026)
Via on layer (VIA8) needs more than one tracks
Warning: Layer M8 pitch 0.120 may be too small: wire/via-down 0.107, wire/via-up 0.135. (ZRT-026)
Wire on layer (M9) needs more than one tracks
Via on layer (VIA8) needs more than one tracks
Via on layer (VIARDL) needs more than one tracks
Warning: Layer M9 pitch 0.120 may be too small: wire/via-down 0.135, wire/via-up 1.570. (ZRT-026)
Via on layer (VIARDL) needs more than one tracks
Warning: Layer MRDL pitch 4.000 may be too small: wire/via-down 4.500, wire/via-up 4.000. (ZRT-026)
Transition layer name: M3(2)
Information: When applicable Min-max layer allow_pin_connection mode will allow paths of length 1.04 outside the layer range. (ZRT-707)
Information: When applicable Min-max layer allow_pin_connection mode will allow paths of length 1.04 outside the layer range on clock nets. (ZRT-718)
Information: When applicable layer based tapering will taper up to 0.00 in distance from the pin. (ZRT-706)
Warning: Standard cell pin SAEDRVT14_ADDH_0P5/CO has no valid via regions. (ZRT-044)
Current Stage stats:
[End of Read DB] Elapsed real time: 0:00:00 
[End of Read DB] Elapsed cpu  time: sys=0:00:00 usr=0:00:00 total=0:00:00
[End of Read DB] Stage (MB): Used   33  Alloctr   33  Proc   16 
[End of Read DB] Total (MB): Used   40  Alloctr   42  Proc 9288 
Info: route.global.delay_based_route_rejection is 16.
Loading timing information to the router from design
Timing information loaded to the router.
[End of Loading Timing] Elapsed real time: 0:00:00 
[End of Loading Timing] Elapsed cpu  time: sys=0:00:00 usr=0:00:00 total=0:00:00
Constructing data structure ...
Design statistics:
Design Bounding Box (0.00um,0.00um,50.02um,49.80um)
Number of routing layers = 10
layer M1, dir Ver, min width = 0.034um, min space = 0.026um pitch = 0.074um
layer M2, dir Hor, min width = 0.034um, min space = 0.026um pitch = 0.06um
layer M3, dir Ver, min width = 0.034um, min space = 0.026um pitch = 0.074um
layer M4, dir Hor, min width = 0.06um, min space = 0.04um pitch = 0.12um
layer M5, dir Ver, min width = 0.06um, min space = 0.04um pitch = 0.12um
layer M6, dir Hor, min width = 0.06um, min space = 0.04um pitch = 0.12um
layer M7, dir Ver, min width = 0.06um, min space = 0.04um pitch = 0.12um
layer M8, dir Hor, min width = 0.06um, min space = 0.04um pitch = 0.12um
layer M9, dir Ver, min width = 0.06um, min space = 0.04um pitch = 0.12um
layer MRDL, dir Hor, min width = 2um, min space = 2um pitch = 4um
Current Stage stats:
[End of Build Tech Data] Elapsed real time: 0:00:00 
[End of Build Tech Data] Elapsed cpu  time: sys=0:00:00 usr=0:00:00 total=0:00:00
[End of Build Tech Data] Stage (MB): Used    2  Alloctr    2  Proc    0 
[End of Build Tech Data] Total (MB): Used   42  Alloctr   44  Proc 9288 
Net statistics:
Total number of nets     = 475
Number of nets to route  = 462
Number of nets with min-layer-mode soft = 13
Number of nets with min-layer-mode soft-cost-medium = 13
13 nets are fully connected,
 of which 13 are detail routed and 0 are global routed.
12 nets have non-default rule ndr_2w2s
	 12 non-user-specified nets, 12 non-user-specified clock nets, 0 user-specified nets
Net length statistics: 
Net Count(Ignore Fully Rted) 462, Total Half Perimeter Wire Length (HPWL) 4400 microns
HPWL   0 ~   50 microns: Net Count      455	Total HPWL         3912 microns
HPWL  50 ~  100 microns: Net Count        7	Total HPWL          488 microns
HPWL 100 ~  200 microns: Net Count        0	Total HPWL            0 microns
HPWL 200 ~  300 microns: Net Count        0	Total HPWL            0 microns
HPWL 300 ~  400 microns: Net Count        0	Total HPWL            0 microns
HPWL 400 ~  500 microns: Net Count        0	Total HPWL            0 microns
HPWL 500 ~  600 microns: Net Count        0	Total HPWL            0 microns
HPWL 600 ~  700 microns: Net Count        0	Total HPWL            0 microns
HPWL 700 ~  800 microns: Net Count        0	Total HPWL            0 microns
HPWL 800 ~  900 microns: Net Count        0	Total HPWL            0 microns
HPWL 900 ~ 1000 microns: Net Count        0	Total HPWL            0 microns
HPWL     > 1000 microns: Net Count        0	Total HPWL            0 microns
Current Stage stats:
[End of Build All Nets] Elapsed real time: 0:00:00 
[End of Build All Nets] Elapsed cpu  time: sys=0:00:00 usr=0:00:00 total=0:00:00
[End of Build All Nets] Stage (MB): Used    0  Alloctr    0  Proc    0 
[End of Build All Nets] Total (MB): Used   43  Alloctr   44  Proc 9288 
Number of partitions: 1 (1 x 1)
Size of partitions: 83 gCells x 83 gCells
Average gCell capacity  0.72	 on layer (1)	 M1
Average gCell capacity  9.21	 on layer (2)	 M2
Average gCell capacity  6.71	 on layer (3)	 M3
Average gCell capacity  4.45	 on layer (4)	 M4
Average gCell capacity  4.53	 on layer (5)	 M5
Average gCell capacity  4.39	 on layer (6)	 M6
Average gCell capacity  4.57	 on layer (7)	 M7
Average gCell capacity  4.11	 on layer (8)	 M8
Average gCell capacity  3.39	 on layer (9)	 M9
Average gCell capacity  0.00	 on layer (10)	 MRDL
Average number of tracks per gCell 8.16	 on layer (1)	 M1
Average number of tracks per gCell 10.01	 on layer (2)	 M2
Average number of tracks per gCell 8.16	 on layer (3)	 M3
Average number of tracks per gCell 5.01	 on layer (4)	 M4
Average number of tracks per gCell 5.04	 on layer (5)	 M5
Average number of tracks per gCell 5.01	 on layer (6)	 M6
Average number of tracks per gCell 5.04	 on layer (7)	 M7
Average number of tracks per gCell 5.01	 on layer (8)	 M8
Average number of tracks per gCell 5.04	 on layer (9)	 M9
Average number of tracks per gCell 0.17	 on layer (10)	 MRDL
Number of gCells = 68890
Current Stage stats:
[End of Build Congestion Map] Elapsed real time: 0:00:00 
[End of Build Congestion Map] Elapsed cpu  time: sys=0:00:00 usr=0:00:00 total=0:00:00
[End of Build Congestion Map] Stage (MB): Used    2  Alloctr    2  Proc    0 
[End of Build Congestion Map] Total (MB): Used   45  Alloctr   46  Proc 9288 
Number of partitions: 1 (1 x 1)
Size of partitions: 83 gCells x 83 gCells
Current Stage stats:
[End of Add Nets Demand] Elapsed real time: 0:00:00 
[End of Add Nets Demand] Elapsed cpu  time: sys=0:00:00 usr=0:00:00 total=0:00:00
[End of Add Nets Demand] Stage (MB): Used    0  Alloctr    0  Proc    0 
[End of Add Nets Demand] Total (MB): Used   45  Alloctr   47  Proc 9288 
Number of user frozen nets = 0
Timing criticality report: total 110 (23.16)% critical nets.
   Number of criticality 1 nets = 110 (23.16)%
Information: RC layer preference is turned on for this design. (ZRT-613)
Total stats:
[End of Build Data] Elapsed real time: 0:00:00 
[End of Build Data] Elapsed cpu  time: sys=0:00:00 usr=0:00:00 total=0:00:00
[End of Build Data] Stage (MB): Used    4  Alloctr    4  Proc    0 
[End of Build Data] Total (MB): Used   45  Alloctr   47  Proc 9288 
Number of partitions: 1 (1 x 1)
Size of partitions: 83 gCells x 83 gCells
Current Stage stats:
[End of Blocked Pin Detection] Elapsed real time: 0:00:00 
[End of Blocked Pin Detection] Elapsed cpu  time: sys=0:00:00 usr=0:00:00 total=0:00:00
[End of Blocked Pin Detection] Stage (MB): Used  176  Alloctr  176  Proc    0 
[End of Blocked Pin Detection] Total (MB): Used  221  Alloctr  223  Proc 9288 
Information: Using 8 threads for routing. (ZRT-444)
Information: Multiple gcell levels ON
Information: Buffer distance is estimated to be ~271.0000um (451 gCells)

Start GR phase 0
Number of partitions: 1 (1 x 1)
Size of partitions: 83 gCells x 83 gCells
[rtAllBotParts] Elapsed real time: 0:00:00 
[rtAllBotParts] Elapsed cpu  time: sys=0:00:00 usr=0:00:00 total=0:00:00
[rtTop] Elapsed real time: 0:00:00 
[rtTop] Elapsed cpu  time: sys=0:00:00 usr=0:00:00 total=0:00:00
Current Stage stats:
[End of Initial Routing] Elapsed real time: 0:00:00 
[End of Initial Routing] Elapsed cpu  time: sys=0:00:00 usr=0:00:00 total=0:00:00
[End of Initial Routing] Stage (MB): Used    0  Alloctr    0  Proc    0 
[End of Initial Routing] Total (MB): Used  221  Alloctr  223  Proc 9288 
Initial. Routing result:
Initial. Both Dirs: Dmd-Cap  =     0 Max = 0 GRCs =     0 (0.00%)
Initial. H routing: Dmd-Cap  =     0 Max = 0 (GRCs =  0) GRCs =     0 (0.00%)
Initial. V routing: Dmd-Cap  =     0 Max = 0 (GRCs =  0) GRCs =     0 (0.00%)
Initial. Both Dirs: Overflow =    11 Max = 2 GRCs =    12 (0.09%)
Initial. H routing: Overflow =     6 Max = 1 (GRCs =  7) GRCs =     7 (0.10%)
Initial. V routing: Overflow =     5 Max = 2 (GRCs =  3) GRCs =     5 (0.07%)
Initial. M1         Overflow =     0 Max = 0 (GRCs =  0) GRCs =     0 (0.00%)
Initial. M2         Overflow =     1 Max = 1 (GRCs =  2) GRCs =     2 (0.03%)
Initial. M3         Overflow =     5 Max = 2 (GRCs =  3) GRCs =     5 (0.07%)
Initial. M4         Overflow =     0 Max = 0 (GRCs =  0) GRCs =     0 (0.00%)
Initial. M5         Overflow =     0 Max = 0 (GRCs =  0) GRCs =     0 (0.00%)
Initial. M6         Overflow =     5 Max = 1 (GRCs =  5) GRCs =     5 (0.07%)
Initial. M7         Overflow =     0 Max = 0 (GRCs =  0) GRCs =     0 (0.00%)
Initial. M8         Overflow =     0 Max = 0 (GRCs =  0) GRCs =     0 (0.00%)
Initial. M9         Overflow =     0 Max = 0 (GRCs =  0) GRCs =     0 (0.00%)
Initial. MRDL       Overflow =     0 Max = 0 (GRCs =  0) GRCs =     0 (0.00%)


Density distribution:
Layer    0.0  0.1  0.2  0.3  0.4  0.5  0.6  0.7  0.8  0.9  1.0  1.1  1.2  > 1.2 
M1       100. 0.00 0.00 0.00 0.00 0.00 0.00 0.00 0.00 0.00 0.00 0.00 0.00 0.00
M2       85.6 9.99 1.64 1.71 0.23 0.58 0.12 0.01 0.00 0.00 0.03 0.00 0.00 0.01
M3       76.8 9.77 5.59 3.60 0.17 2.26 0.65 0.84 0.07 0.00 0.15 0.00 0.06 0.00
M4       69.8 18.4 5.31 6.04 0.00 0.20 0.06 0.00 0.00 0.00 0.03 0.00 0.00 0.00
M5       84.2 12.0 0.51 3.02 0.00 0.07 0.07 0.00 0.00 0.00 0.00 0.00 0.00 0.00
M6       89.9 6.01 1.67 2.03 0.00 0.01 0.15 0.00 0.00 0.00 0.09 0.00 0.00 0.07
M7       99.1 0.84 0.00 0.00 0.00 0.06 0.00 0.00 0.00 0.00 0.00 0.00 0.00 0.00
M8       100. 0.00 0.00 0.00 0.00 0.00 0.00 0.00 0.00 0.00 0.00 0.00 0.00 0.00
M9       100. 0.00 0.00 0.00 0.00 0.00 0.00 0.00 0.00 0.00 0.00 0.00 0.00 0.00
MRDL     100. 0.00 0.00 0.00 0.00 0.00 0.00 0.00 0.00 0.00 0.00 0.00 0.00 0.00
Total    90.5 5.73 1.47 1.64 0.04 0.32 0.10 0.09 0.01 0.00 0.03 0.00 0.01 0.01


Initial. Total Wire Length = 4078.89
Initial. Layer M1 wire length = 0.00
Initial. Layer M2 wire length = 641.88
Initial. Layer M3 wire length = 1289.00
Initial. Layer M4 wire length = 1132.30
Initial. Layer M5 wire length = 586.88
Initial. Layer M6 wire length = 399.71
Initial. Layer M7 wire length = 29.13
Initial. Layer M8 wire length = 0.00
Initial. Layer M9 wire length = 0.00
Initial. Layer MRDL wire length = 0.00
Initial. Total Number of Contacts = 2507
Initial. Via VIA12SQ_C count = 772
Initial. Via VIA23SQ_C count = 1188
Initial. Via VIA34SQ_C count = 235
Initial. Via VIA45SQ count = 182
Initial. Via VIA56SQ count = 122
Initial. Via VIA67SQ_C count = 8
Initial. Via VIA78SQ_C count = 0
Initial. Via VIA89_C count = 0
Initial. Via VIA9RDL count = 0
Initial. completed.

Start GR phase 1
Mon Apr 28 07:15:51 2025
Number of partitions: 1 (1 x 1)
Size of partitions: 83 gCells x 83 gCells
[rtAllParts] Elapsed real time: 0:00:00 
[rtAllParts] Elapsed cpu  time: sys=0:00:00 usr=0:00:00 total=0:00:00
Current Stage stats:
[End of Phase1 Routing] Elapsed real time: 0:00:00 
[End of Phase1 Routing] Elapsed cpu  time: sys=0:00:00 usr=0:00:00 total=0:00:00
[End of Phase1 Routing] Stage (MB): Used    0  Alloctr    0  Proc    0 
[End of Phase1 Routing] Total (MB): Used  221  Alloctr  223  Proc 9288 
phase1. Routing result:
phase1. Both Dirs: Dmd-Cap  =     0 Max = 0 GRCs =     0 (0.00%)
phase1. H routing: Dmd-Cap  =     0 Max = 0 (GRCs =  0) GRCs =     0 (0.00%)
phase1. V routing: Dmd-Cap  =     0 Max = 0 (GRCs =  0) GRCs =     0 (0.00%)
phase1. Both Dirs: Overflow =     5 Max = 2 GRCs =     5 (0.04%)
phase1. H routing: Overflow =     4 Max = 1 (GRCs =  4) GRCs =     4 (0.06%)
phase1. V routing: Overflow =     1 Max = 2 (GRCs =  1) GRCs =     1 (0.01%)
phase1. M1         Overflow =     0 Max = 0 (GRCs =  0) GRCs =     0 (0.00%)
phase1. M2         Overflow =     1 Max = 1 (GRCs =  1) GRCs =     1 (0.01%)
phase1. M3         Overflow =     1 Max = 2 (GRCs =  1) GRCs =     1 (0.01%)
phase1. M4         Overflow =     0 Max = 0 (GRCs =  0) GRCs =     0 (0.00%)
phase1. M5         Overflow =     0 Max = 0 (GRCs =  0) GRCs =     0 (0.00%)
phase1. M6         Overflow =     3 Max = 1 (GRCs =  3) GRCs =     3 (0.04%)
phase1. M7         Overflow =     0 Max = 0 (GRCs =  0) GRCs =     0 (0.00%)
phase1. M8         Overflow =     0 Max = 0 (GRCs =  0) GRCs =     0 (0.00%)
phase1. M9         Overflow =     0 Max = 0 (GRCs =  0) GRCs =     0 (0.00%)
phase1. MRDL       Overflow =     0 Max = 0 (GRCs =  0) GRCs =     0 (0.00%)


Density distribution:
Layer    0.0  0.1  0.2  0.3  0.4  0.5  0.6  0.7  0.8  0.9  1.0  1.1  1.2  > 1.2 
M1       100. 0.00 0.00 0.00 0.00 0.00 0.00 0.00 0.00 0.00 0.00 0.00 0.00 0.00
M2       85.5 10.0 1.64 1.77 0.23 0.60 0.13 0.01 0.00 0.00 0.01 0.00 0.00 0.01
M3       76.6 9.99 5.73 3.45 0.15 2.22 0.75 0.89 0.07 0.00 0.10 0.00 0.01 0.00
M4       69.6 18.6 5.36 6.02 0.00 0.19 0.07 0.00 0.00 0.00 0.03 0.00 0.00 0.00
M5       84.1 12.2 0.49 2.92 0.00 0.12 0.07 0.00 0.00 0.00 0.00 0.00 0.00 0.00
M6       90.1 5.92 1.64 2.00 0.00 0.01 0.15 0.00 0.00 0.00 0.12 0.00 0.00 0.04
M7       99.1 0.84 0.00 0.00 0.00 0.06 0.00 0.00 0.00 0.00 0.00 0.00 0.00 0.00
M8       100. 0.00 0.00 0.00 0.00 0.00 0.00 0.00 0.00 0.00 0.00 0.00 0.00 0.00
M9       100. 0.00 0.00 0.00 0.00 0.00 0.00 0.00 0.00 0.00 0.00 0.00 0.00 0.00
MRDL     100. 0.00 0.00 0.00 0.00 0.00 0.00 0.00 0.00 0.00 0.00 0.00 0.00 0.00
Total    90.5 5.78 1.49 1.62 0.04 0.32 0.12 0.09 0.01 0.00 0.03 0.00 0.00 0.01


phase1. Total Wire Length = 4082.49
phase1. Layer M1 wire length = 0.00
phase1. Layer M2 wire length = 648.27
phase1. Layer M3 wire length = 1288.02
phase1. Layer M4 wire length = 1138.96
phase1. Layer M5 wire length = 585.79
phase1. Layer M6 wire length = 392.33
phase1. Layer M7 wire length = 29.13
phase1. Layer M8 wire length = 0.00
phase1. Layer M9 wire length = 0.00
phase1. Layer MRDL wire length = 0.00
phase1. Total Number of Contacts = 2517
phase1. Via VIA12SQ_C count = 772
phase1. Via VIA23SQ_C count = 1190
phase1. Via VIA34SQ_C count = 237
phase1. Via VIA45SQ count = 186
phase1. Via VIA56SQ count = 124
phase1. Via VIA67SQ_C count = 8
phase1. Via VIA78SQ_C count = 0
phase1. Via VIA89_C count = 0
phase1. Via VIA9RDL count = 0
phase1. completed.

Start GR phase 2
Mon Apr 28 07:15:51 2025
Number of partitions: 1 (1 x 1)
Size of partitions: 83 gCells x 83 gCells
[rtAllParts] Elapsed real time: 0:00:00 
[rtAllParts] Elapsed cpu  time: sys=0:00:00 usr=0:00:00 total=0:00:00
Number of partitions: 1 (1 x 1)
Size of partitions: 83 gCells x 83 gCells
[updNetsDmd] Elapsed real time: 0:00:00 
[updNetsDmd] Elapsed cpu  time: sys=0:00:00 usr=0:00:00 total=0:00:00
Current Stage stats:
[End of Phase2 Routing] Elapsed real time: 0:00:00 
[End of Phase2 Routing] Elapsed cpu  time: sys=0:00:00 usr=0:00:00 total=0:00:00
[End of Phase2 Routing] Stage (MB): Used    0  Alloctr    0  Proc    0 
[End of Phase2 Routing] Total (MB): Used  221  Alloctr  223  Proc 9288 
phase2. Routing result:
phase2. Both Dirs: Dmd-Cap  =     0 Max = 0 GRCs =     0 (0.00%)
phase2. H routing: Dmd-Cap  =     0 Max = 0 (GRCs =  0) GRCs =     0 (0.00%)
phase2. V routing: Dmd-Cap  =     0 Max = 0 (GRCs =  0) GRCs =     0 (0.00%)
phase2. Both Dirs: Overflow =     3 Max = 1 GRCs =     3 (0.02%)
phase2. H routing: Overflow =     3 Max = 1 (GRCs =  3) GRCs =     3 (0.04%)
phase2. V routing: Overflow =     0 Max = 0 (GRCs =  0) GRCs =     0 (0.00%)
phase2. M1         Overflow =     0 Max = 0 (GRCs =  0) GRCs =     0 (0.00%)
phase2. M2         Overflow =     0 Max = 0 (GRCs =  0) GRCs =     0 (0.00%)
phase2. M3         Overflow =     0 Max = 0 (GRCs =  0) GRCs =     0 (0.00%)
phase2. M4         Overflow =     0 Max = 0 (GRCs =  0) GRCs =     0 (0.00%)
phase2. M5         Overflow =     0 Max = 0 (GRCs =  0) GRCs =     0 (0.00%)
phase2. M6         Overflow =     3 Max = 1 (GRCs =  3) GRCs =     3 (0.04%)
phase2. M7         Overflow =     0 Max = 0 (GRCs =  0) GRCs =     0 (0.00%)
phase2. M8         Overflow =     0 Max = 0 (GRCs =  0) GRCs =     0 (0.00%)
phase2. M9         Overflow =     0 Max = 0 (GRCs =  0) GRCs =     0 (0.00%)
phase2. MRDL       Overflow =     0 Max = 0 (GRCs =  0) GRCs =     0 (0.00%)


Density distribution:
Layer    0.0  0.1  0.2  0.3  0.4  0.5  0.6  0.7  0.8  0.9  1.0  1.1  1.2  > 1.2 
M1       100. 0.00 0.00 0.00 0.00 0.00 0.00 0.00 0.00 0.00 0.00 0.00 0.00 0.00
M2       85.4 10.2 1.79 1.84 0.17 0.42 0.01 0.00 0.00 0.00 0.06 0.00 0.00 0.00
M3       76.6 9.97 5.75 3.45 0.15 2.25 0.75 0.86 0.07 0.00 0.12 0.00 0.00 0.00
M4       69.6 18.7 5.41 5.94 0.00 0.16 0.07 0.00 0.00 0.00 0.03 0.00 0.00 0.00
M5       84.1 12.2 0.49 2.90 0.00 0.13 0.07 0.00 0.00 0.00 0.00 0.00 0.00 0.00
M6       90.1 5.89 1.64 1.99 0.00 0.01 0.15 0.00 0.00 0.00 0.12 0.00 0.00 0.04
M7       99.1 0.84 0.00 0.00 0.00 0.06 0.00 0.00 0.00 0.00 0.00 0.00 0.00 0.00
M8       100. 0.00 0.00 0.00 0.00 0.00 0.00 0.00 0.00 0.00 0.00 0.00 0.00 0.00
M9       100. 0.00 0.00 0.00 0.00 0.00 0.00 0.00 0.00 0.00 0.00 0.00 0.00 0.00
MRDL     100. 0.00 0.00 0.00 0.00 0.00 0.00 0.00 0.00 0.00 0.00 0.00 0.00 0.00
Total    90.4 5.81 1.51 1.61 0.03 0.30 0.11 0.09 0.01 0.00 0.03 0.00 0.00 0.00


phase2. Total Wire Length = 4082.67
phase2. Layer M1 wire length = 0.00
phase2. Layer M2 wire length = 652.99
phase2. Layer M3 wire length = 1288.02
phase2. Layer M4 wire length = 1136.14
phase2. Layer M5 wire length = 585.97
phase2. Layer M6 wire length = 390.43
phase2. Layer M7 wire length = 29.13
phase2. Layer M8 wire length = 0.00
phase2. Layer M9 wire length = 0.00
phase2. Layer MRDL wire length = 0.00
phase2. Total Number of Contacts = 2521
phase2. Via VIA12SQ_C count = 772
phase2. Via VIA23SQ_C count = 1192
phase2. Via VIA34SQ_C count = 237
phase2. Via VIA45SQ count = 188
phase2. Via VIA56SQ count = 124
phase2. Via VIA67SQ_C count = 8
phase2. Via VIA78SQ_C count = 0
phase2. Via VIA89_C count = 0
phase2. Via VIA9RDL count = 0
phase2. completed.

Start GR phase 3
Mon Apr 28 07:15:51 2025
Number of partitions: 1 (1 x 1)
Size of partitions: 83 gCells x 83 gCells
[rtAllParts] Elapsed real time: 0:00:00 
[rtAllParts] Elapsed cpu  time: sys=0:00:00 usr=0:00:00 total=0:00:00
Number of partitions: 1 (1 x 1)
Size of partitions: 83 gCells x 83 gCells
[updNetsDmd] Elapsed real time: 0:00:00 
[updNetsDmd] Elapsed cpu  time: sys=0:00:00 usr=0:00:00 total=0:00:00
Current Stage stats:
[End of Phase3 Routing] Elapsed real time: 0:00:00 
[End of Phase3 Routing] Elapsed cpu  time: sys=0:00:00 usr=0:00:00 total=0:00:00
[End of Phase3 Routing] Stage (MB): Used    0  Alloctr    0  Proc    0 
[End of Phase3 Routing] Total (MB): Used  221  Alloctr  223  Proc 9288 
phase3. Routing result:
phase3. Both Dirs: Dmd-Cap  =     0 Max = 0 GRCs =     0 (0.00%)
phase3. H routing: Dmd-Cap  =     0 Max = 0 (GRCs =  0) GRCs =     0 (0.00%)
phase3. V routing: Dmd-Cap  =     0 Max = 0 (GRCs =  0) GRCs =     0 (0.00%)
phase3. Both Dirs: Overflow =     3 Max = 1 GRCs =     3 (0.02%)
phase3. H routing: Overflow =     3 Max = 1 (GRCs =  3) GRCs =     3 (0.04%)
phase3. V routing: Overflow =     0 Max = 0 (GRCs =  0) GRCs =     0 (0.00%)
phase3. M1         Overflow =     0 Max = 0 (GRCs =  0) GRCs =     0 (0.00%)
phase3. M2         Overflow =     0 Max = 0 (GRCs =  0) GRCs =     0 (0.00%)
phase3. M3         Overflow =     0 Max = 0 (GRCs =  0) GRCs =     0 (0.00%)
phase3. M4         Overflow =     0 Max = 0 (GRCs =  0) GRCs =     0 (0.00%)
phase3. M5         Overflow =     0 Max = 0 (GRCs =  0) GRCs =     0 (0.00%)
phase3. M6         Overflow =     3 Max = 1 (GRCs =  3) GRCs =     3 (0.04%)
phase3. M7         Overflow =     0 Max = 0 (GRCs =  0) GRCs =     0 (0.00%)
phase3. M8         Overflow =     0 Max = 0 (GRCs =  0) GRCs =     0 (0.00%)
phase3. M9         Overflow =     0 Max = 0 (GRCs =  0) GRCs =     0 (0.00%)
phase3. MRDL       Overflow =     0 Max = 0 (GRCs =  0) GRCs =     0 (0.00%)


Density distribution:
Layer    0.0  0.1  0.2  0.3  0.4  0.5  0.6  0.7  0.8  0.9  1.0  1.1  1.2  > 1.2 
M1       100. 0.00 0.00 0.00 0.00 0.00 0.00 0.00 0.00 0.00 0.00 0.00 0.00 0.00
M2       85.4 10.2 1.79 1.84 0.17 0.42 0.01 0.00 0.00 0.00 0.06 0.00 0.00 0.00
M3       76.6 9.97 5.75 3.45 0.15 2.25 0.75 0.86 0.07 0.00 0.12 0.00 0.00 0.00
M4       69.6 18.7 5.41 5.94 0.00 0.16 0.07 0.00 0.00 0.00 0.03 0.00 0.00 0.00
M5       84.1 12.2 0.49 2.90 0.00 0.13 0.07 0.00 0.00 0.00 0.00 0.00 0.00 0.00
M6       90.1 5.89 1.64 1.99 0.00 0.01 0.15 0.00 0.00 0.00 0.12 0.00 0.00 0.04
M7       99.1 0.84 0.00 0.00 0.00 0.06 0.00 0.00 0.00 0.00 0.00 0.00 0.00 0.00
M8       100. 0.00 0.00 0.00 0.00 0.00 0.00 0.00 0.00 0.00 0.00 0.00 0.00 0.00
M9       100. 0.00 0.00 0.00 0.00 0.00 0.00 0.00 0.00 0.00 0.00 0.00 0.00 0.00
MRDL     100. 0.00 0.00 0.00 0.00 0.00 0.00 0.00 0.00 0.00 0.00 0.00 0.00 0.00
Total    90.4 5.81 1.51 1.61 0.03 0.30 0.11 0.09 0.01 0.00 0.03 0.00 0.00 0.00


phase3. Total Wire Length = 4082.67
phase3. Layer M1 wire length = 0.00
phase3. Layer M2 wire length = 652.99
phase3. Layer M3 wire length = 1288.02
phase3. Layer M4 wire length = 1136.14
phase3. Layer M5 wire length = 585.97
phase3. Layer M6 wire length = 390.43
phase3. Layer M7 wire length = 29.13
phase3. Layer M8 wire length = 0.00
phase3. Layer M9 wire length = 0.00
phase3. Layer MRDL wire length = 0.00
phase3. Total Number of Contacts = 2521
phase3. Via VIA12SQ_C count = 772
phase3. Via VIA23SQ_C count = 1192
phase3. Via VIA34SQ_C count = 237
phase3. Via VIA45SQ count = 188
phase3. Via VIA56SQ count = 124
phase3. Via VIA67SQ_C count = 8
phase3. Via VIA78SQ_C count = 0
phase3. Via VIA89_C count = 0
phase3. Via VIA9RDL count = 0
phase3. completed.
[End of Whole Chip Routing] Elapsed real time: 0:00:00 
[End of Whole Chip Routing] Elapsed cpu  time: sys=0:00:00 usr=0:00:00 total=0:00:00
[End of Whole Chip Routing] Stage (MB): Used  181  Alloctr  181  Proc    0 
[End of Whole Chip Routing] Total (MB): Used  221  Alloctr  223  Proc 9288 

Congestion utilization per direction:
Average vertical track utilization   =  3.24 %
Peak    vertical track utilization   = 62.50 %
Average horizontal track utilization =  3.08 %
Peak    horizontal track utilization = 50.00 %

[End of Global Routing] Elapsed real time: 0:00:00 
[End of Global Routing] Elapsed cpu  time: sys=0:00:00 usr=0:00:00 total=0:00:00
[End of Global Routing] Stage (MB): Used  179  Alloctr  179  Proc    0 
[End of Global Routing] Total (MB): Used  220  Alloctr  221  Proc 9288 
Writing out congestion map...
Updating congestion ...
Updating congestion ...
[DBOUT] Elapsed real time: 0:00:00 
[DBOUT] Elapsed cpu  time: sys=0:00:00 usr=0:00:00 total=0:00:00
[DBOUT] Stage (MB): Used  -33  Alloctr  -33  Proc    0 
[DBOUT] Total (MB): Used   36  Alloctr   37  Proc 9288 
[End of dbOut] Elapsed real time: 0:00:00 
[End of dbOut] Elapsed cpu  time: sys=0:00:00 usr=0:00:00 total=0:00:00
[End of dbOut] Stage (MB): Used  -33  Alloctr  -33  Proc    0 
[End of dbOut] Total (MB): Used   36  Alloctr   37  Proc 9288 

****************************************
Report : congestion
Design : ALU_votegui
Version: U-2022.12
Date   : Mon Apr 28 07:15:51 2025
****************************************

Layer     |    overflow     |               # GRCs has
Name      |  total  |  max  | overflow (%)       | max overflow
---------------------------------------------------------------
M1        |       0 |     0 |       0  ( 0.000%) |       0
M2        |       0 |     0 |       0  ( 0.000%) |       0
M3        |       0 |     0 |       0  ( 0.000%) |       0
M4        |       0 |     0 |       0  ( 0.000%) |       0
M5        |       0 |     0 |       0  ( 0.000%) |       0
M6        |       3 |     1 |       3  ( 0.044%) |       3
M7        |       0 |     0 |       0  ( 0.000%) |       0
M8        |       0 |     0 |       0  ( 0.000%) |       0
M9        |       0 |     0 |       0  ( 0.000%) |       0
MRDL      |       0 |     0 |       0  ( 0.000%) |       0
---------------------------------------------------------------
Both Dirs |       3 |     1 |       3  ( 0.022%) |       3
H routing |       3 |     1 |       3  ( 0.044%) |       3
V routing |       0 |     0 |       0  ( 0.000%) |       0

1
