****************************************
Report : threshold_voltage_group
Design : ALU_votegui
Version: U-2022.12
Date   : Mon Apr 28 07:15:44 2025
****************************************

Cell Count Report
-----------------------------------------------------------------------------------------------------------------------------------------------------------------------------------------

Group Names                      All (%)       Repeaters (%)   Combinational (%)       Registers (%)     Sequentials (%)   Clock_network (%)           Macro (%)   Physical_only (%)
-----------------------------------------------------------------------------------------------------------------------------------------------------------------------------------------
hvt                        120  (13.11%)         0   (0.00%)        81   (8.85%)        33   (3.61%)         0   (0.00%)         6   (0.66%)         0   (0.00%)         0   (0.00%)
lvt                          1   (0.11%)         0   (0.00%)         1   (0.11%)         0   (0.00%)         0   (0.00%)         0   (0.00%)         0   (0.00%)         0   (0.00%)  L
rvt                        778  (85.03%)       106  (11.58%)       126  (13.77%)         2   (0.22%)         0   (0.00%)         1   (0.11%)         0   (0.00%)       543  (59.34%)
slvt                        16   (1.75%)         0   (0.00%)         0   (0.00%)         0   (0.00%)         0   (0.00%)        16   (1.75%)         0   (0.00%)         0   (0.00%)
-----------------------------------------------------------------------------------------------------------------------------------------------------------------------------------------
Total                      915 (100.00%)       106  (11.58%)       208  (22.73%)        35   (3.83%)         0   (0.00%)        23   (2.51%)         0   (0.00%)       543  (59.34%)
Low vth groups               1   (0.11%)         0   (0.00%)         1   (0.11%)         0   (0.00%)         0   (0.00%)         0   (0.00%)         0   (0.00%)         0   (0.00%)
-----------------------------------------------------------------------------------------------------------------------------------------------------------------------------------------


Cell Area Report
-----------------------------------------------------------------------------------------------------------------------------------------------------------------------------------------

Group Names                      All (%)       Repeaters (%)   Combinational (%)       Registers (%)     Sequentials (%)   Clock_network (%)           Macro (%)   Physical_only (%)
-----------------------------------------------------------------------------------------------------------------------------------------------------------------------------------------
hvt                     91.109  (28.42%)     0.000   (0.00%)    46.931  (14.64%)    42.313  (13.20%)     0.000   (0.00%)     1.865   (0.58%)     0.000   (0.00%)     0.000   (0.00%)
lvt                      0.222   (0.07%)     0.000   (0.00%)     0.222   (0.07%)     0.000   (0.00%)     0.000   (0.00%)     0.000   (0.00%)     0.000   (0.00%)     0.000   (0.00%)  L
rvt                    220.668  (68.83%)    41.914  (13.07%)    57.631  (17.98%)     3.374   (1.05%)     0.000   (0.00%)     0.400   (0.12%)     0.000   (0.00%)   117.349  (36.60%)
slvt                     8.614   (2.69%)     0.000   (0.00%)     0.000   (0.00%)     0.000   (0.00%)     0.000   (0.00%)     8.614   (2.69%)     0.000   (0.00%)     0.000   (0.00%)
-----------------------------------------------------------------------------------------------------------------------------------------------------------------------------------------
Total                  320.612 (100.00%)    41.914  (13.07%)   104.784  (32.68%)    45.688  (14.25%)     0.000   (0.00%)    10.878   (3.39%)     0.000   (0.00%)   117.349  (36.60%)
Low vth groups           0.222   (0.07%)     0.000   (0.00%)     0.222   (0.07%)     0.000   (0.00%)     0.000   (0.00%)     0.000   (0.00%)     0.000   (0.00%)     0.000   (0.00%)
-----------------------------------------------------------------------------------------------------------------------------------------------------------------------------------------

Legend
L:		Low Vth group specified by user
1
