SI analysis is not enabled, so delta delays are unavailable.
Warning: Scenario func::hold_ff0p88v125c is not configured for setup analysis: skipping. (UIC-058)
****************************************
Report : timing
        -path_type full
        -delay_type max
        -max_paths 1
        -report_by group
        -nosplit
        -input_pins
        -nets
        -transition_time
        -capacitance
        -crosstalk_delta
        -derate
        -attributes
        -physical
Design : ALU_votegui
Version: U-2022.12
Date   : Mon Apr 28 07:15:37 2025
****************************************
Information: Timer using 'CRPR'. (TIM-050)
No paths.
1
