****************************************
Report : threshold_voltage_group
Design : ALU_votegui
Version: U-2022.12
Date   : Mon Apr 28 13:46:09 2025
****************************************

Cell Count Report
-------------------------------------------------------------------------------------------------------------------------------------------------

Group Names                      All (%)       Repeaters (%)   Combinational (%)       Registers (%)     Sequentials (%)   Clock_network (%)
-------------------------------------------------------------------------------------------------------------------------------------------------
hvt                         81  (22.13%)         0   (0.00%)        45  (12.30%)        33   (9.02%)         0   (0.00%)         3   (0.82%)
rvt                        275  (75.14%)       106  (28.96%)       163  (44.54%)         2   (0.55%)         0   (0.00%)         4   (1.09%)
slvt                        10   (2.73%)         0   (0.00%)         0   (0.00%)         0   (0.00%)         0   (0.00%)        10   (2.73%)
-------------------------------------------------------------------------------------------------------------------------------------------------
Total                      366 (100.00%)       106  (28.96%)       208  (56.83%)        35   (9.56%)         0   (0.00%)        17   (4.64%)
Low vth groups               0   (0.00%)         0   (0.00%)         0   (0.00%)         0   (0.00%)         0   (0.00%)         0   (0.00%)
-------------------------------------------------------------------------------------------------------------------------------------------------


Cell Area Report
-------------------------------------------------------------------------------------------------------------------------------------------------

Group Names                      All (%)       Repeaters (%)   Combinational (%)       Registers (%)     Sequentials (%)   Clock_network (%)
-------------------------------------------------------------------------------------------------------------------------------------------------
hvt                         60  (29.67%)         0   (0.00%)        17   (8.16%)        42  (20.85%)         0   (0.00%)         1   (0.66%)
rvt                        136  (67.26%)        42  (20.68%)        90  (44.46%)         3   (1.66%)         0   (0.00%)         1   (0.46%)
slvt                         6   (3.06%)         0   (0.00%)         0   (0.00%)         0   (0.00%)         0   (0.00%)         6   (3.06%)
-------------------------------------------------------------------------------------------------------------------------------------------------
Total                      203 (100.00%)        42  (20.68%)       107  (52.63%)        46  (22.52%)         0   (0.00%)         8   (4.18%)
Low vth groups               0   (0.00%)         0   (0.00%)         0   (0.00%)         0   (0.00%)         0   (0.00%)         0   (0.00%)
-------------------------------------------------------------------------------------------------------------------------------------------------

Legend
L:		Low Vth group specified by user
1
