****************************************
Report : design
        -netlist
        -floorplan
        -nosplit
Design : ALU_votegui
Version: U-2022.12
Date   : Mon Apr 28 05:52:46 2025
****************************************

--------------------------------------------------------------------------------
                              NETLIST INFORMATION
--------------------------------------------------------------------------------

CELL INSTANCE INFORMATION
-----------------------------------------------------------------------------
Cell Instance Type          Count % of         Area  % of siteAreaPerSite
                                  total             total
-----------------------------------------------------------------------------
TOTAL LEAF CELLS              613  100      150.028   100 unit:3379  

  Standard cells               82   13       42.935    28 unit:967  
  Filler cells                  0    0        0.000     0 
  Diode cells                   0    0        0.000     0 
  Hard macro cells              0    0        0.000     0 
  Soft macro cells              0    0        0.000     0 
    Black box cells             0    0        0.000     0 
  Analog block cells            0    0        0.000     0 
  Pad cells                     0    0        0.000     0 
    Flip-chip pad cells         0    0        0.000     0 
  Cover cells                   0    0        0.000     0 
  Flip-chip driver cells        0    0        0.000     0 
  Corner pad cells              4    0        2.664     1 unit:60  
  Pad spacer cells              0    0        0.000     0 
  Others                      527   85      104.429    69 unit:2352  

Special cells                   0    0        0.000     0 
  Level shifter                 0    0        0.000     0 
  Isolation                     0    0        0.000     0 
  Switch                        0    0        0.000     0 
  Always on                     0    0        0.000     0 
  Retention                     0    0        0.000     0 
  Tie off                       0    0        0.000     0 

LVT                             0    0        0.000     0 
HVT                             0    0        0.000     0 
Normal VT                     531   86      107.093    71 unit:2412  
Others                         82   13       42.935    28 unit:967  

Netlist cells                  82   13       42.935    28 unit:967  
Physical only                 531   86      107.093    71 unit:2412  

Fixed cells                   531   86      107.093    71 unit:2412  
Moveable cells                 82   13       42.935    28 unit:967  

Combinational                 613  100      150.028   100 unit:3379  
Sequential                     36    5        0.000     0 
Others                          0    0        0.000     0 

Buffer                          0    0        0.000     0 
Inverter                       19    3        3.374     2 unit:76  
Buffer/inverter                19    3        3.374     2 unit:76  

Spare cells                     0    0        0.000     0 
ICG cells                       0    0        0.000     0 
Flip-flop cells                 0    0        0.000     0 
Latch cells                     0    0        0.000     0 
Antenna cells                   0    0        0.000     0 

Mux logic                       0    0        0.000     0 
Double height                   0    0        0.000     0 
Triple height                   0    0        0.000     0 
More than triple height         0    0        0.000     0 

Logic Hierarchies          8

REFERENCE DESIGN INFORMATION
----------------------------------------------------------------------------------------------
Number of reference designs used:15   
----------------------------------------------------------------------------------------------
Name           Type          Count     Width    Height        Area   PinDens SiteName siteArea
----------------------------------------------------------------------------------------------
SAEDRVT14_CAPSPACER1 end_cap   154     0.074     0.600       0.044    45.045 unit            1
SAEDRVT14_CAPB2 end_cap        138     0.296     0.600       0.178    11.261 unit            4
SAEDRVT14_CAPT2 end_cap        138     0.296     0.600       0.178    11.261 unit            4
SAEDRVT14_TAPDS well_tap        41     0.888     0.600       0.533     3.754 unit           12
SAEDRVT14_TAPPN well_tap        40     0.888     0.600       0.533     3.754 unit           12
SAEDSLVT14_ADDF_V1_1 lib_cell   32     1.702     0.600       1.021     6.855 unit           23
SAEDSLVT14_INV_S_1 lib_cell     19     0.296     0.600       0.178    22.523 unit            4
SAEDSLVT14_NR2_MM_1 lib_cell    16     0.370     0.600       0.222    22.523 unit            5
SAEDSLVT14_ND2_CDC_1 lib_cell   15     0.370     0.600       0.222    22.523 unit            5
SAEDRVT14_CAPTTAP6 well_tap      7     0.592     0.600       0.355     5.631 unit            8
SAEDRVT14_CAPBTAP6 well_tap      7     0.592     0.600       0.355     5.631 unit            8
SAEDRVT14_CAPBIN13 corner        2     1.110     0.600       0.666     3.003 unit           15
SAEDRVT14_CAPTIN13 corner        2     1.110     0.600       0.666     3.003 unit           15
SAEDRVT14_CAPB3 end_cap          1     0.370     0.600       0.222     9.009 unit            5
SAEDRVT14_CAPT3 end_cap          1     0.370     0.600       0.222     9.009 unit            5

NET INFORMATION
------------------------------------------------------------------
NetType                 Count FloatingNets         Vias Nets/Cells
------------------------------------------------------------------
Total                     379            7         4800      0.618
Signal                    372            2            0      0.607
Power                       1            0         2240      0.002
Ground                      1            0         2560      0.002
Analog Signal               0            0            0      0.000
Analog Ground               0            0            0      0.000
Analog Power                0            0            0      0.000
Clock                       0            0            0      0.000
Tie Low                     3            3            0      0.005
Tie High                    2            2            0      0.003
Others                      0            0            0      0.000

NET FANOUT AND PIN COUNT INFORMATION
---------------------------------------------------
Fanout        Netcount     netPinCount     NetCount
---------------------------------------------------
<2                 264     <2                     5
2                   39     2                    259
3                    6     3                     39
4                   64     4                      6
5                    0     5                     64
6-10                 0     6-10                   0
11-20                0     11-20                  0
21-30                0     21-30                  0
31-50                3     31-50                  3
51-100               0     51-100                 0
101-500              1     101-500                1
501-1000             2     501-1000               2
>1000                0     >1000                  0

PORT AND PIN INFORMATION
------------------------------------------------------------------------------
Type         Total     Input    Output     Inout      3-st     Power    Ground
------------------------------------------------------------------------------
Total         1517      1403       114         0         0       613       613
Macro            0         0         0         0         0         0         0
Ports          108        74        34         0         0         1         1
------------------------------------------------------------------------------

--------------------------------------------------------------------------------
                              FLOORPLAN INFORMATION
--------------------------------------------------------------------------------

CORE AND CHIP AREA INFORMATION
---------------------------
Core Area is :     2258.894
Chip Area is :     2491.195
---------------------------

SITE ROW INFORMATION
-----------------------------------------------------------------------
Site Name    Width    Height   Total Rows     Total Tiles          Area
-----------------------------------------------------------------------
unit         0.074     0.600           79           50876      2258.894
-----------------------------------------------------------------------

BLOCKAGE INFORMATION
------------------------------------------------
Blockage Type                Count          Area
------------------------------------------------
Hard placement                   0         0.000
Soft placement                   0         0.000
Hard macro                       0         0.000
Partial placement                0         0.000
Register                         0         0.000
Placement allow Buffer Only      0         0.000
Placement allow RP Group Only    0         0.000
RP Group                         0         0.000
Category                         0         0.000
Routing                          0         0.000
Routing for Top                  0         0.000
Routing For Design Rule          0         0.000
Shaping                          0         0.000
------------------------------------------------

POWER DOMAIN INFORMATION
--------------------------------------------------------------------
Power Domain Name    VA Name         Primary Power Net Primary Ground Net
--------------------------------------------------------------------
DEFAULT_POWER_DOMAIN DEFAULT_VA      VDD               VSS
--------------------------------------------------------------------

VOLTAGE AREA INFORMATION
-------------------------------------------------------------------------------------
VA Name          Number             Area       Target    bbox    bbox    bbox    bbox
              of shapes                   Utilization     llx     lly     urx     ury
-------------------------------------------------------------------------------------
DEFAULT_VA            1         2258.894         1.000   1.184   1.200  48.840  48.600
-------------------------------------------------------------------------------------

GROUP BOUND INFORMATION
----------------------------------------
No Group Bound exists

EXCLUSIVE MOVEBOUND INFORMATION
----------------------------------------
No Exclusive MoveBound exists.

HARD AND SOFT MOVEBOUND INFORMATION
----------------------------------------
No Hard Or Soft MoveBound exists.

ROUTE GUIDE INFORMATION
------------------------------------------------
Route Guide Type             Count          Area
------------------------------------------------
Extra Detour Region              0         0.000
Over icovl CellLayers            0         0.000
River Routing                    0         0.000
Area Double Via                  0         0.000
Access Preference                0         0.000
Default                          0         0.000
Switched Direction Only          0         0.000
Max Patterns                     0         0.000
Others                           0         0.000
------------------------------------------------

MULTIBIT REGISTER INFORMATION
-----------------------------------------------
No Multibit cells exist

MULTIBIT LS/ISO CELLS INFORMATION
-----------------------------------------------
No Multibit cells exist

RP GROUP INFORMATION
----------------------------------------
No RP Group exists

LAYER INFORMATION
--------------------------------------------------------------------------
Layer Name Direction Ignored Pitch  default minWidth minSpacing    sameNet
                                      Width                     MinSpacing
--------------------------------------------------------------------------
PO         Ver       YES     0.000    0.030    0.030      0.122      0.000
M1         Ver       YES     0.074    0.034    0.034      0.026      0.000
M2         Hor       NO      0.060    0.034    0.034      0.026      0.026
M3         Ver       NO      0.074    0.034    0.034      0.026      0.026
M4         Hor       NO      0.120    0.060    0.060      0.040      0.034
M5         Ver       NO      0.120    0.060    0.060      0.040      0.034
M6         Hor       NO      0.120    0.060    0.060      0.040      0.034
M7         Ver       NO      0.120    0.060    0.060      0.040      0.034
M8         Hor       NO      0.120    0.060    0.060      0.040      0.034
M9         Ver       YES     0.120    0.060    0.060      0.040      0.000
MRDL       Hor       YES     4.000    2.000    2.000      2.000      0.000
--------------------------------------------------------------------------
1
