****************************************
Report : power
        -significant_digits 3
Design : ALU_votegui
Version: U-2022.12
Date   : Mon Apr 28 05:52:47 2025
****************************************
Information: Activity propagation will be performed for scenario func::hold_ff0p88v125c.
Information: Doing activity propagation for mode 'func' and corner 'hold_ff0p88v125c' with effort level 'medium'. (POW-024)
Information: Timer-derived activity data is cached on scenario func::hold_ff0p88v125c (POW-052)
Infomation: Fast mode activity propagation power.rtl_activity_annotation setup is ignored. Always use accurate mode.
Information: Turn on parallel simulation of generator nets.
Information: Running switching activity propagation with 8 threads!

 **** Information : No. of simulation cycles = 6 ****
Information: Propagated activity on scenario func::setup_ss0p72v125c identical to that on func::hold_ff0p88v125c (POW-006)
Mode: func
Corner: hold_ff0p88v125c
Scenario: func::hold_ff0p88v125c
Voltage: 0.880
Temperature: 125.000

Voltage Unit         : 1V
Capacitance Unit     : 1pF
Time Unit            : 1ns
Temperature Unit     : 1C
Dynamic Power Unit   : 1mW
Leakage Power Unit   : 1mW

Switched supply net power scaling:
scaling for leakage power

Supply nets:
VDD (power) probability 1.000 (default)
VSS (ground) probability 1.000 (default)

  Cell Internal Power    = N/A ( N/A )
  Net Switching Power    = N/A ( N/A )
Total Dynamic Power      = N/A (  0.0%)

Cell Leakage Power       = 5.138e-02 mW


  Attributes
  ----------
      u  -  User defined power group
      i  -  Includes clock pin internal power

Power Group         Internal Power        Switching Power          Leakage Power            Total Power    (   %  )    Attrs
-----------------------------------------------------------------------------------------------------------------------------
io_pad                         N/A                    N/A              0.000e+00              0.000e+00    (  0.0%)         
memory                         N/A                    N/A              0.000e+00              0.000e+00    (  0.0%)         
black_box                      N/A                    N/A              0.000e+00              0.000e+00    (  0.0%)         
clock_network                  N/A                    N/A              0.000e+00              0.000e+00    (  0.0%)        i
register                       N/A                    N/A              0.000e+00              0.000e+00    (  0.0%)         
sequential                     N/A                    N/A              0.000e+00              0.000e+00    (  0.0%)         
combinational                  N/A                    N/A              5.138e-02              5.138e-02    (100.0%)         
-----------------------------------------------------------------------------------------------------------------------------
Total                          N/A                    N/A              5.138e-02 mW           5.138e-02 mW
Mode: func
Corner: setup_ss0p72v125c
Scenario: func::setup_ss0p72v125c
Voltage: 0.720
Temperature: 125.000

Voltage Unit         : 1V
Capacitance Unit     : 1pF
Time Unit            : 1ns
Temperature Unit     : 1C
Dynamic Power Unit   : 1mW
Leakage Power Unit   : 1mW

Switched supply net power scaling:
scaling for leakage power

Supply nets:
VDD (power) probability 1.000 (default)
VSS (ground) probability 1.000 (default)

  Cell Internal Power    = 4.691e-04 mW (  1.3%)
  Net Switching Power    = 3.465e-02 mW ( 98.7%)
Total Dynamic Power      = 3.512e-02 mW (100.0%)

Cell Leakage Power       = 4.209e-03 mW


  Attributes
  ----------
      u  -  User defined power group
      i  -  Includes clock pin internal power

Power Group         Internal Power        Switching Power          Leakage Power            Total Power    (   %  )    Attrs
-----------------------------------------------------------------------------------------------------------------------------
io_pad                   0.000e+00              0.000e+00              0.000e+00              0.000e+00    (  0.0%)         
memory                   0.000e+00              0.000e+00              0.000e+00              0.000e+00    (  0.0%)         
black_box                0.000e+00              0.000e+00              0.000e+00              0.000e+00    (  0.0%)         
clock_network            0.000e+00              4.230e-03              0.000e+00              4.230e-03    ( 10.8%)        i
register                 0.000e+00              3.020e-02              0.000e+00              3.020e-02    ( 76.8%)         
sequential               0.000e+00              0.000e+00              0.000e+00              0.000e+00    (  0.0%)         
combinational            4.691e-04              2.257e-04              4.209e-03              4.904e-03    ( 12.5%)         
-----------------------------------------------------------------------------------------------------------------------------
Total                    4.691e-04 mW           3.465e-02 mW           4.209e-03 mW           3.933e-02 mW
1
