****************************************
 Report : check_design
 Options: { design_mismatch }
 Design : ALU_votegui
 Version: U-2022.12
 Date   : Sat Apr  5 20:34:50 2025
****************************************

Running atomic-check 'design_mismatch'
****************************************
Report : Data Mismatches
Version: U-2022.12
Date   : Sat Apr  5 20:34:50 2025
****************************************
No mismatches exist on the design.
1

  *** EMS Message summary ***
  ----------------------------------------------------------------------------------------------------
  Rule         Type   Count      Message
  ----------------------------------------------------------------------------------------------------
  DMM-105      Info   16         Mismatch type %mmtype is detected on object type %objtype at obj...
  ----------------------------------------------------------------------------------------------------
  Total 16 EMS messages : 0 errors, 0 warnings, 16 info.
  ----------------------------------------------------------------------------------------------------

  *** Non-EMS message summary *** 
  ----------------------------------------------------------------------------------------------------
  Total 0 non-EMS messages : 0 errors, 0 warnings, 0 info.
  ----------------------------------------------------------------------------------------------------
****************************************
 Report : check_design
 Options: { design_mismatch }
 Design : ALU_votegui
 Version: U-2022.12
 Date   : Sat Apr  5 20:43:59 2025
****************************************

Running atomic-check 'design_mismatch'
****************************************
Report : Data Mismatches
Version: U-2022.12
Date   : Sat Apr  5 20:43:59 2025
****************************************
No mismatches exist on the design.
1

  *** EMS Message summary ***
  ----------------------------------------------------------------------------------------------------
  Rule         Type   Count      Message
  ----------------------------------------------------------------------------------------------------
  DMM-105      Info   16         Mismatch type %mmtype is detected on object type %objtype at obj...
  ----------------------------------------------------------------------------------------------------
  Total 16 EMS messages : 0 errors, 0 warnings, 16 info.
  ----------------------------------------------------------------------------------------------------

  *** Non-EMS message summary *** 
  ----------------------------------------------------------------------------------------------------
  Total 0 non-EMS messages : 0 errors, 0 warnings, 0 info.
  ----------------------------------------------------------------------------------------------------
****************************************
 Report : check_design
 Options: { design_mismatch }
 Design : ALU_votegui
 Version: U-2022.12
 Date   : Thu Apr 10 06:46:13 2025
****************************************

Running atomic-check 'design_mismatch'
****************************************
Report : Data Mismatches
Version: U-2022.12
Date   : Thu Apr 10 06:46:13 2025
****************************************
No mismatches exist on the design.
1

  *** EMS Message summary ***
  ----------------------------------------------------------------------------------------------------
  Rule         Type   Count      Message
  ----------------------------------------------------------------------------------------------------
  DMM-105      Info   16         Mismatch type %mmtype is detected on object type %objtype at obj...
  ----------------------------------------------------------------------------------------------------
  Total 16 EMS messages : 0 errors, 0 warnings, 16 info.
  ----------------------------------------------------------------------------------------------------

  *** Non-EMS message summary *** 
  ----------------------------------------------------------------------------------------------------
  Total 0 non-EMS messages : 0 errors, 0 warnings, 0 info.
  ----------------------------------------------------------------------------------------------------
****************************************
 Report : check_design
 Options: { design_mismatch }
 Design : ALU_votegui
 Version: U-2022.12
 Date   : Fri Apr 11 05:17:42 2025
****************************************

Running atomic-check 'design_mismatch'
****************************************
Report : Data Mismatches
Version: U-2022.12
Date   : Fri Apr 11 05:17:42 2025
****************************************
No mismatches exist on the design.
1

  *** EMS Message summary ***
  ----------------------------------------------------------------------------------------------------
  Rule         Type   Count      Message
  ----------------------------------------------------------------------------------------------------
  DMM-105      Info   16         Mismatch type %mmtype is detected on object type %objtype at obj...
  ----------------------------------------------------------------------------------------------------
  Total 16 EMS messages : 0 errors, 0 warnings, 16 info.
  ----------------------------------------------------------------------------------------------------

  *** Non-EMS message summary *** 
  ----------------------------------------------------------------------------------------------------
  Total 0 non-EMS messages : 0 errors, 0 warnings, 0 info.
  ----------------------------------------------------------------------------------------------------
****************************************
 Report : check_design
 Options: { design_mismatch }
 Design : ALU_votegui
 Version: U-2022.12
 Date   : Mon Apr 14 03:48:01 2025
****************************************

Running atomic-check 'design_mismatch'
****************************************
Report : Data Mismatches
Version: U-2022.12
Date   : Mon Apr 14 03:48:01 2025
****************************************
No mismatches exist on the design.
1

  *** EMS Message summary ***
  ----------------------------------------------------------------------------------------------------
  Rule         Type   Count      Message
  ----------------------------------------------------------------------------------------------------
  DMM-105      Info   16         Mismatch type %mmtype is detected on object type %objtype at obj...
  ----------------------------------------------------------------------------------------------------
  Total 16 EMS messages : 0 errors, 0 warnings, 16 info.
  ----------------------------------------------------------------------------------------------------

  *** Non-EMS message summary *** 
  ----------------------------------------------------------------------------------------------------
  Total 0 non-EMS messages : 0 errors, 0 warnings, 0 info.
  ----------------------------------------------------------------------------------------------------
****************************************
 Report : check_design
 Options: { design_mismatch }
 Design : ALU_votegui
 Version: U-2022.12
 Date   : Mon Apr 14 04:35:35 2025
****************************************

Running atomic-check 'design_mismatch'
****************************************
Report : Data Mismatches
Version: U-2022.12
Date   : Mon Apr 14 04:35:35 2025
****************************************
No mismatches exist on the design.
1

  *** EMS Message summary ***
  ----------------------------------------------------------------------------------------------------
  Rule         Type   Count      Message
  ----------------------------------------------------------------------------------------------------
  DMM-105      Info   16         Mismatch type %mmtype is detected on object type %objtype at obj...
  ----------------------------------------------------------------------------------------------------
  Total 16 EMS messages : 0 errors, 0 warnings, 16 info.
  ----------------------------------------------------------------------------------------------------

  *** Non-EMS message summary *** 
  ----------------------------------------------------------------------------------------------------
  Total 0 non-EMS messages : 0 errors, 0 warnings, 0 info.
  ----------------------------------------------------------------------------------------------------
****************************************
 Report : check_design
 Options: { design_mismatch }
 Design : ALU_votegui
 Version: U-2022.12
 Date   : Mon Apr 14 05:07:47 2025
****************************************

Running atomic-check 'design_mismatch'
****************************************
Report : Data Mismatches
Version: U-2022.12
Date   : Mon Apr 14 05:07:47 2025
****************************************
No mismatches exist on the design.
1

  *** EMS Message summary ***
  ----------------------------------------------------------------------------------------------------
  Rule         Type   Count      Message
  ----------------------------------------------------------------------------------------------------
  DMM-105      Info   16         Mismatch type %mmtype is detected on object type %objtype at obj...
  ----------------------------------------------------------------------------------------------------
  Total 16 EMS messages : 0 errors, 0 warnings, 16 info.
  ----------------------------------------------------------------------------------------------------

  *** Non-EMS message summary *** 
  ----------------------------------------------------------------------------------------------------
  Total 0 non-EMS messages : 0 errors, 0 warnings, 0 info.
  ----------------------------------------------------------------------------------------------------
****************************************
 Report : check_design
 Options: { design_mismatch }
 Design : ALU_votegui
 Version: U-2022.12
 Date   : Mon Apr 14 05:24:45 2025
****************************************

Running atomic-check 'design_mismatch'
****************************************
Report : Data Mismatches
Version: U-2022.12
Date   : Mon Apr 14 05:24:45 2025
****************************************
No mismatches exist on the design.
1

  *** EMS Message summary ***
  ----------------------------------------------------------------------------------------------------
  Rule         Type   Count      Message
  ----------------------------------------------------------------------------------------------------
  DMM-105      Info   16         Mismatch type %mmtype is detected on object type %objtype at obj...
  ----------------------------------------------------------------------------------------------------
  Total 16 EMS messages : 0 errors, 0 warnings, 16 info.
  ----------------------------------------------------------------------------------------------------

  *** Non-EMS message summary *** 
  ----------------------------------------------------------------------------------------------------
  Total 0 non-EMS messages : 0 errors, 0 warnings, 0 info.
  ----------------------------------------------------------------------------------------------------
