****************************************
Report : threshold_voltage_group
Design : ALU_votegui
Version: U-2022.12
Date   : Mon Apr 28 08:20:11 2025
****************************************

Cell Count Report
-----------------------------------------------------------------------------------------------------------------------------------------------------------------------------------------

Group Names                      All (%)       Repeaters (%)   Combinational (%)       Registers (%)     Sequentials (%)   Clock_network (%)           Macro (%)   Physical_only (%)
-----------------------------------------------------------------------------------------------------------------------------------------------------------------------------------------
hvt                         81   (8.91%)         0   (0.00%)        45   (4.95%)        33   (3.63%)         0   (0.00%)         3   (0.33%)         0   (0.00%)         0   (0.00%)
rvt                        818  (89.99%)       106  (11.66%)       163  (17.93%)         2   (0.22%)         0   (0.00%)         4   (0.44%)         0   (0.00%)       543  (59.74%)
slvt                        10   (1.10%)         0   (0.00%)         0   (0.00%)         0   (0.00%)         0   (0.00%)        10   (1.10%)         0   (0.00%)         0   (0.00%)
-----------------------------------------------------------------------------------------------------------------------------------------------------------------------------------------
Total                      909 (100.00%)       106  (11.66%)       208  (22.88%)        35   (3.85%)         0   (0.00%)        17   (1.87%)         0   (0.00%)       543  (59.74%)
Low vth groups               0   (0.00%)         0   (0.00%)         0   (0.00%)         0   (0.00%)         0   (0.00%)         0   (0.00%)         0   (0.00%)         0   (0.00%)
-----------------------------------------------------------------------------------------------------------------------------------------------------------------------------------------


Cell Area Report
-----------------------------------------------------------------------------------------------------------------------------------------------------------------------------------------

Group Names                      All (%)       Repeaters (%)   Combinational (%)       Registers (%)     Sequentials (%)   Clock_network (%)           Macro (%)   Physical_only (%)
-----------------------------------------------------------------------------------------------------------------------------------------------------------------------------------------
hvt                     60.206  (18.80%)     0.000   (0.00%)    16.561   (5.17%)    42.313  (13.21%)     0.000   (0.00%)     1.332   (0.42%)     0.000   (0.00%)     0.000   (0.00%)
rvt                    253.835  (79.26%)    41.958  (13.10%)    90.221  (28.17%)     3.374   (1.05%)     0.000   (0.00%)     0.932   (0.29%)     0.000   (0.00%)   117.349  (36.64%)
slvt                     6.216   (1.94%)     0.000   (0.00%)     0.000   (0.00%)     0.000   (0.00%)     0.000   (0.00%)     6.216   (1.94%)     0.000   (0.00%)     0.000   (0.00%)
-----------------------------------------------------------------------------------------------------------------------------------------------------------------------------------------
Total                  320.257 (100.00%)    41.958  (13.10%)   106.782  (33.34%)    45.688  (14.27%)     0.000   (0.00%)     8.480   (2.65%)     0.000   (0.00%)   117.349  (36.64%)
Low vth groups           0.000   (0.00%)     0.000   (0.00%)     0.000   (0.00%)     0.000   (0.00%)     0.000   (0.00%)     0.000   (0.00%)     0.000   (0.00%)     0.000   (0.00%)
-----------------------------------------------------------------------------------------------------------------------------------------------------------------------------------------

Legend
L:		Low Vth group specified by user
1
