****************************************
Report : constraint
        -all_violators
        -max_transition
        -max_capacitance
Design : ALU_votegui
Version: U-2022.12
Date   : Mon Apr 28 07:59:34 2025
****************************************



   Mode: func Corner: hold_ff0p88v125c
   Scenario: func::hold_ff0p88v125c
  ---------------------------------------------------------------------------
   Number of max_transition violation(s): 0

   Mode: func Corner: setup_ss0p72v125c
   Scenario: func::setup_ss0p72v125c
  ---------------------------------------------------------------------------
   Number of max_transition violation(s): 0

   Mode: func Corner: setup_ss0p72v125c
   Scenario: func::setup_ss0p72v125c
   max_capacitance                                                             
                             Required        Actual                            
   Net                      Capacitance    Capacitance       Slack  Violation  
  ---------------------------------------------------------------------------
   SEQMAP_NET_0                0.032          0.036         -0.004  (VIOLATED) 
     PIN : ctmi_42/X           0.032          0.036         -0.004  (VIOLATED) 

   u_mux/ctmn_431              0.023          0.023         -0.001  (VIOLATED) 
     PIN : u_mux/ctmi_465/X    0.023          0.023         -0.001  (VIOLATED) 

  ---------------------------------------------------------------------------
   Number of max_capacitance violation(s): 2

   Total number of violation(s): 2
1
