Warning: Scenario func::setup_ss0p72v125c is not configured for hold analysis: skipping. (UIC-058)
****************************************
Report : timing
        -path_type full
        -delay_type min
        -max_paths 1
        -report_by group
        -nosplit
        -input_pins
        -nets
        -transition_time
        -capacitance
        -crosstalk_delta
        -derate
        -attributes
        -physical
Design : ALU_votegui
Version: U-2022.12
Date   : Mon Apr 28 07:59:34 2025
****************************************
Information: Timer using 'PrimeTime Delay Calculation, SI, Timing Window Analysis, AWP, CRPR'. (TIM-050)
No paths.
1
