 Info: Initializing timer in CLOCK_SYN_REPORT_MODE
****************************************
Report : clock qor
        -type local_skew
        -nosplit
Design : ALU_votegui
Version: U-2022.12
Date   : Mon Apr 28 07:15:44 2025
****************************************

Attributes
===========
M Master Clock
G Generated Clock
& Internal Generated Clock
U User Defined Skew Group
D Default Skew Group
* Generated Clock Balanced Separately

==========================================================
==== Local Skew Reporting for Corner hold_ff0p88v125c ====
==========================================================

=================================== Summary Table for Corner hold_ff0p88v125c ====================================
Clock /                               Attrs     Sinks    Global       Max    Local Skew   Max Setup    Max Hold
Skew Group                                                 Skew   Latency    Pair Count  Local Skew  Local Skew
------------------------------------------------------------------------------------------------------------------
### Mode: func, Scenario: func::hold_ff0p88v125c
CLOCK_MAIN                              M,D        33     0.067     0.104            --          --          --
 gen_clk_div2                             G        33     0.046     0.084            --          --          --
  gen_clk_div4                            G        33     0.024     0.067            --          --          --
   gen_clk_div8                           G        33     0.004     0.049            --          --          --
------------------------------------------------------------------------------------------------------------------
All Clocks                                         33     0.067     0.104                        --          --


  r = latency reported is for a rising edge triggered event at the sink
  f = latency reported is for a falling edge triggered event at the sink


Showing 5 largest and 5 smallest datapoints per clock / skew group (L=largest, S=smallest)
========================================== Details Table for Corner hold_ff0p88v125c ===========================================
Clock /                                Launch Sink    Capture Sink      Launch     Capture        Late       Early       Local
Skew Group                             Name           Name             Latency     Latency      Offset      Offset        Skew
--------------------------------------------------------------------------------------------------------------------------------
### Mode: func, Scenario: func::hold_ff0p88v125c


===========================================================
==== Local Skew Reporting for Corner setup_ss0p72v125c ====
===========================================================

=================================== Summary Table for Corner setup_ss0p72v125c ===================================
Clock /                               Attrs     Sinks    Global       Max    Local Skew   Max Setup    Max Hold
Skew Group                                                 Skew   Latency    Pair Count  Local Skew  Local Skew
------------------------------------------------------------------------------------------------------------------
### Mode: func, Scenario: func::setup_ss0p72v125c
CLOCK_MAIN                              M,D        33     0.103     0.169            --          --          --
 gen_clk_div2                             G        33     0.071     0.140            --          --          --
  gen_clk_div4                            G        33     0.037     0.115            --          --          --
   gen_clk_div8                           G        33     0.006     0.088            --          --          --
------------------------------------------------------------------------------------------------------------------
All Clocks                                         33     0.103     0.169                        --          --


  r = latency reported is for a rising edge triggered event at the sink
  f = latency reported is for a falling edge triggered event at the sink


Showing 5 largest and 5 smallest datapoints per clock / skew group (L=largest, S=smallest)
========================================== Details Table for Corner setup_ss0p72v125c ==========================================
Clock /                                Launch Sink    Capture Sink      Launch     Capture        Late       Early       Local
Skew Group                             Name           Name             Latency     Latency      Offset      Offset        Skew
--------------------------------------------------------------------------------------------------------------------------------
### Mode: func, Scenario: func::setup_ss0p72v125c


1
